<?xml version="1.0" encoding="UTF-8" ?>
<testsuite errors="0" failures="0" hostname="Herzog-Surface" name="at.fhooe.swe4.lab3.test.sort.quick.QuickSorterTest" skipped="0" tests="6" time="5.984" timestamp="2015-04-17T13:21:17">
  <properties>
[...]
</properties>
  <testcase classname="at.fhooe.swe4.lab3.test.sort.quick.QuickSorterTest" name="test_sort_descending" time="2.641" />
  <testcase classname="at.fhooe.swe4.lab3.test.sort.quick.QuickSorterTest" name="test_sort_ascending" time="3.281" />
  <testcase classname="at.fhooe.swe4.lab3.test.sort.quick.QuickSorterTest" name="test_null_array" time="0.0" />
  <testcase classname="at.fhooe.swe4.lab3.test.sort.quick.QuickSorterTest" name="test_null_list" time="0.0" />
  <testcase classname="at.fhooe.swe4.lab3.test.sort.quick.QuickSorterTest" name="test_empty_array" time="0.0" />
  <testcase classname="at.fhooe.swe4.lab3.test.sort.quick.QuickSorterTest" name="test_empty_list" time="0.0" />
  <system-out><![CDATA[------------------------------------------------------------
Sorting list with '10'elements
------------------------------------------------------------
------------------------------------------------------------
------------------------------------------------------------
Sorting list with '100'elements
------------------------------------------------------------
------------------------------------------------------------
------------------------------------------------------------
Sorting list with '1000'elements
------------------------------------------------------------
------------------------------------------------------------
------------------------------------------------------------
Sorting list with '10000'elements
------------------------------------------------------------
------------------------------------------------------------
------------------------------------------------------------
Sorting list with '100000'elements
------------------------------------------------------------
------------------------------------------------------------
------------------------------------------------------------
Sorting list with '1000000'elements
------------------------------------------------------------
------------------------------------------------------------
#################################################################################
## statistic-context-ptovider
##
## statistics-contexts-count:4
##
#################################################################################
## statistic-context-key: quicksorter elements[10]
## start-date: 15:21:17:167
## end-date: 15:21:17:167
#################################################################################
## statistic-key: quicksort
##    comparisions           swaps
##              29               9
#################################################################################

#################################################################################
## statistic-context-key: quicksorter elements[1000]
## start-date: 15:21:17:182
## end-date: 15:21:17:182
#################################################################################
## statistic-key: quicksort
##    comparisions           swaps
##           12317            2295
#################################################################################

#################################################################################
## statistic-context-key: quicksorter elements[100000]
## start-date: 15:21:17:245
## end-date: 15:21:17:651
#################################################################################
## statistic-key: quicksort
##    comparisions           swaps
##         6327360          329070
#################################################################################

#################################################################################
## statistic-context-key: quicksorter elements[1000000]
## start-date: 15:21:17:651
## end-date: 15:21:19:682
#################################################################################
## statistic-key: quicksort
##    comparisions           swaps
##       512740530         3333212
#################################################################################


------------------------------------------------------------
Sorting list with '10'elements
------------------------------------------------------------
------------------------------------------------------------
------------------------------------------------------------
Sorting list with '100'elements
------------------------------------------------------------
------------------------------------------------------------
------------------------------------------------------------
Sorting list with '1000'elements
------------------------------------------------------------
------------------------------------------------------------
------------------------------------------------------------
Sorting list with '10000'elements
------------------------------------------------------------
------------------------------------------------------------
------------------------------------------------------------
Sorting list with '100000'elements
------------------------------------------------------------
------------------------------------------------------------
------------------------------------------------------------
Sorting list with '1000000'elements
------------------------------------------------------------
------------------------------------------------------------
#################################################################################
## statistic-context-ptovider
##
## statistics-contexts-count:4
##
#################################################################################
## statistic-context-key: quicksorter elements[10]
## start-date: 15:21:19:792
## end-date: 15:21:19:792
#################################################################################
## statistic-key: quicksort
##    comparisions           swaps
##              29               9
#################################################################################

#################################################################################
## statistic-context-key: quicksorter elements[1000]
## start-date: 15:21:19:807
## end-date: 15:21:19:807
#################################################################################
## statistic-key: quicksort
##    comparisions           swaps
##           12317            2295
#################################################################################

#################################################################################
## statistic-context-key: quicksorter elements[100000]
## start-date: 15:21:19:885
## end-date: 15:21:20:917
#################################################################################
## statistic-key: quicksort
##    comparisions           swaps
##         6327360          329070
#################################################################################

#################################################################################
## statistic-context-key: quicksorter elements[1000000]
## start-date: 15:21:20:917
## end-date: 15:21:23:073
#################################################################################
## statistic-key: quicksort
##    comparisions           swaps
##       512740530         3333212
#################################################################################


]]></system-out>
  <system-err><![CDATA[]]></system-err>
</testsuite>
