<?xml version="1.0" encoding="UTF-8" ?>
<testsuite errors="0" failures="0" hostname="Herzog-Surface" name="at.fhooe.swe4.lab3.test.sort.heap.HeapSorterTest" skipped="0" tests="6" time="3.156" timestamp="2015-04-16T06:24:00">
  <properties>
[...]
</properties>
  <testcase classname="at.fhooe.swe4.lab3.test.sort.heap.HeapSorterTest" name="test_sort_descending" time="1.688" />
  <testcase classname="at.fhooe.swe4.lab3.test.sort.heap.HeapSorterTest" name="test_sort_ascending" time="1.406" />
  <testcase classname="at.fhooe.swe4.lab3.test.sort.heap.HeapSorterTest" name="test_null_array" time="0.0" />
  <testcase classname="at.fhooe.swe4.lab3.test.sort.heap.HeapSorterTest" name="test_null_list" time="0.0" />
  <testcase classname="at.fhooe.swe4.lab3.test.sort.heap.HeapSorterTest" name="test_empty_array" time="0.0" />
  <testcase classname="at.fhooe.swe4.lab3.test.sort.heap.HeapSorterTest" name="test_empty_list" time="0.0" />
  <system-out><![CDATA[------------------------------------------------------------
Sorting list with '10'elements
------------------------------------------------------------
------------------------------------------------------------
------------------------------------------------------------
Sorting list with '100'elements
------------------------------------------------------------
------------------------------------------------------------
------------------------------------------------------------
Sorting list with '1000'elements
------------------------------------------------------------
------------------------------------------------------------
------------------------------------------------------------
Sorting list with '10000'elements
------------------------------------------------------------
------------------------------------------------------------
------------------------------------------------------------
Sorting list with '100000'elements
------------------------------------------------------------
------------------------------------------------------------
------------------------------------------------------------
Sorting list with '1000000'elements
------------------------------------------------------------
------------------------------------------------------------
#################################################################################
## statistic-context-ptovider
##
## statistics-contexts-count:5
##
#################################################################################
## statistic-context-key: heaparraylistimpl elements[10]
## start-date: 08:24:00:240
## end-date: 08:24:00:255
#################################################################################
## statistic-key: downheap()
##    comparisions           swaps
##              34              12
#################################################################################
## statistic-key: upheap()
##    comparisions           swaps
##               7               7
#################################################################################

#################################################################################
## statistic-context-key: heaparraylistimpl elements[100]
## start-date: 08:24:00:255
## end-date: 08:24:00:255
#################################################################################
## statistic-key: downheap()
##    comparisions           swaps
##             868             404
#################################################################################
## statistic-key: upheap()
##    comparisions           swaps
##             118             118
#################################################################################

#################################################################################
## statistic-context-key: heaparraylistimpl elements[10000]
## start-date: 08:24:00:271
## end-date: 08:24:00:318
#################################################################################
## statistic-key: downheap()
##    comparisions           swaps
##          216546          106707
#################################################################################
## statistic-key: upheap()
##    comparisions           swaps
##           12851           12851
#################################################################################

#################################################################################
## statistic-context-key: heaparraylistimpl elements[100000]
## start-date: 08:24:00:318
## end-date: 08:24:00:521
#################################################################################
## statistic-key: downheap()
##    comparisions           swaps
##         2830562         1399809
#################################################################################
## statistic-key: upheap()
##    comparisions           swaps
##          127540          127540
#################################################################################

#################################################################################
## statistic-context-key: heaparraylistimpl elements[1000000]
## start-date: 08:24:00:521
## end-date: 08:24:01:771
#################################################################################
## statistic-key: downheap()
##    comparisions           swaps
##        34898126        17293758
#################################################################################
## statistic-key: upheap()
##    comparisions           swaps
##         1273257         1273257
#################################################################################


------------------------------------------------------------
Sorting list with '10'elements
------------------------------------------------------------
------------------------------------------------------------
------------------------------------------------------------
Sorting list with '100'elements
------------------------------------------------------------
------------------------------------------------------------
------------------------------------------------------------
Sorting list with '1000'elements
------------------------------------------------------------
------------------------------------------------------------
------------------------------------------------------------
Sorting list with '10000'elements
------------------------------------------------------------
------------------------------------------------------------
------------------------------------------------------------
Sorting list with '100000'elements
------------------------------------------------------------
------------------------------------------------------------
------------------------------------------------------------
Sorting list with '1000000'elements
------------------------------------------------------------
------------------------------------------------------------
#################################################################################
## statistic-context-ptovider
##
## statistics-contexts-count:4
##
#################################################################################
## statistic-context-key: heaparraylistimpl elements[10]
## start-date: 08:24:01:912
## end-date: 08:24:01:912
#################################################################################
## statistic-key: downheap()
##    comparisions           swaps
##              34              12
#################################################################################
## statistic-key: upheap()
##    comparisions           swaps
##               6               6
#################################################################################

#################################################################################
## statistic-context-key: heaparraylistimpl elements[10000]
## start-date: 08:24:01:927
## end-date: 08:24:01:990
#################################################################################
## statistic-key: downheap()
##    comparisions           swaps
##          216546          106733
#################################################################################
## statistic-key: upheap()
##    comparisions           swaps
##           12748           12748
#################################################################################

#################################################################################
## statistic-context-key: heaparraylistimpl elements[100000]
## start-date: 08:24:01:990
## end-date: 08:24:02:115
#################################################################################
## statistic-key: downheap()
##    comparisions           swaps
##         2830276         1399405
#################################################################################
## statistic-key: upheap()
##    comparisions           swaps
##          127823          127823
#################################################################################

#################################################################################
## statistic-context-key: heaparraylistimpl elements[1000000]
## start-date: 08:24:02:115
## end-date: 08:24:03:318
#################################################################################
## statistic-key: downheap()
##    comparisions           swaps
##        34895918        17292967
#################################################################################
## statistic-key: upheap()
##    comparisions           swaps
##         1277645         1277645
#################################################################################


]]></system-out>
  <system-err><![CDATA[]]></system-err>
</testsuite>
