<?xml version="1.0" encoding="UTF-8" ?>
<testsuite errors="0" failures="0" hostname="Herzog-Surface" name="at.fhooe.swe4.lab3.test.hamming.HammingTest" skipped="0" tests="3" time="0.964" timestamp="2015-04-16T06:23:58">
  <properties>
[...]
</properties>
  <testcase classname="at.fhooe.swe4.lab3.test.hamming.HammingTest" name="test_invalid_count_negativ" time="0.0" />
  <testcase classname="at.fhooe.swe4.lab3.test.hamming.HammingTest" name="test_invalid_count_zeor" time="0.0" />
  <testcase classname="at.fhooe.swe4.lab3.test.hamming.HammingTest" name="test_caluclation" time="0.904" />
  <system-out><![CDATA[----------------------------------------------------------------
Spend time in millis: '0' for '10' hamming numbers (including sorting)
----------------------------------------------------------------
1: 1
2: 2
3: 3
4: 4
5: 5
6: 6
7: 8
8: 9
9: 10
10: 12
----------------------------------------------------------------
----------------------------------------------------------------
Spend time in millis: '0' for '100' hamming numbers (including sorting)
----------------------------------------------------------------
1: 1
2: 2
3: 3
4: 4
5: 5
6: 6
7: 8
8: 9
9: 10
10: 12
11: 15
12: 16
13: 18
14: 20
15: 24
16: 25
17: 27
18: 30
19: 32
20: 36
21: 40
22: 45
23: 48
24: 50
25: 54
26: 60
27: 64
28: 72
29: 75
30: 80
31: 81
32: 90
33: 96
34: 100
35: 108
36: 120
37: 125
38: 128
39: 135
40: 144
41: 150
42: 160
43: 162
44: 180
45: 192
46: 200
47: 216
48: 225
49: 240
50: 243
51: 250
52: 270
53: 288
54: 300
55: 320
56: 324
57: 360
58: 375
59: 400
60: 405
61: 432
62: 450
63: 480
64: 486
65: 500
66: 540
67: 600
68: 625
69: 648
70: 675
71: 720
72: 729
73: 750
74: 800
75: 810
76: 900
77: 972
78: 1000
79: 1080
80: 1125
81: 1200
82: 1215
83: 1250
84: 1350
85: 1500
86: 1620
87: 1800
88: 1875
89: 2000
90: 2025
91: 2250
92: 2500
93: 2700
94: 3000
95: 3125
96: 3375
97: 3750
98: 4500
99: 5000
100: 5625
...
100: 5625
----------------------------------------------------------------
----------------------------------------------------------------
Spend time in millis: '20' for '1000' hamming numbers (including sorting)
----------------------------------------------------------------
1: 1
2: 2
3: 3
4: 4
5: 5
6: 6
7: 8
8: 9
9: 10
10: 12
11: 15
12: 16
13: 18
14: 20
15: 24
16: 25
17: 27
18: 30
19: 32
20: 36
21: 40
22: 45
23: 48
24: 50
25: 54
26: 60
27: 64
28: 72
29: 75
30: 80
31: 81
32: 90
33: 96
34: 100
35: 108
36: 120
37: 125
38: 128
39: 135
40: 144
41: 150
42: 160
43: 162
44: 180
45: 192
46: 200
47: 216
48: 225
49: 240
50: 243
51: 250
52: 256
53: 270
54: 288
55: 300
56: 320
57: 324
58: 360
59: 375
60: 384
61: 400
62: 405
63: 432
64: 450
65: 480
66: 486
67: 500
68: 512
69: 540
70: 576
71: 600
72: 625
73: 640
74: 648
75: 675
76: 720
77: 729
78: 750
79: 768
80: 800
81: 810
82: 864
83: 900
84: 960
85: 972
86: 1000
87: 1024
88: 1080
89: 1125
90: 1152
91: 1200
92: 1215
93: 1250
94: 1280
95: 1296
96: 1350
97: 1440
98: 1458
99: 1500
100: 1536
101: 1600
102: 1620
103: 1728
104: 1800
105: 1875
106: 1920
107: 1944
108: 2000
109: 2025
110: 2048
111: 2160
112: 2187
113: 2250
114: 2304
115: 2400
116: 2430
117: 2500
118: 2560
119: 2592
120: 2700
121: 2880
122: 2916
123: 3000
124: 3072
125: 3125
126: 3200
127: 3240
128: 3375
129: 3456
130: 3600
131: 3645
132: 3750
133: 3840
134: 3888
135: 4000
136: 4050
137: 4096
138: 4320
139: 4374
140: 4500
141: 4608
142: 4800
143: 4860
144: 5000
145: 5120
146: 5184
147: 5400
148: 5625
149: 5760
150: 5832
151: 6000
152: 6075
153: 6144
154: 6250
155: 6400
156: 6480
157: 6561
158: 6750
159: 6912
160: 7200
161: 7290
162: 7500
163: 7680
164: 7776
165: 8000
166: 8100
167: 8192
168: 8640
169: 8748
170: 9000
171: 9216
172: 9375
173: 9600
174: 9720
175: 10000
176: 10125
177: 10240
178: 10368
179: 10800
180: 10935
181: 11250
182: 11520
183: 11664
184: 12000
185: 12150
186: 12288
187: 12500
188: 12800
189: 12960
190: 13122
191: 13500
192: 13824
193: 14400
194: 14580
195: 15000
196: 15360
197: 15552
198: 15625
199: 16000
200: 16200
201: 16384
202: 16875
203: 17280
204: 17496
205: 18000
206: 18225
207: 18432
208: 18750
209: 19200
210: 19440
211: 19683
212: 20000
213: 20250
214: 20480
215: 20736
216: 21600
217: 21870
218: 22500
219: 23040
220: 23328
221: 24000
222: 24300
223: 24576
224: 25000
225: 25600
226: 25920
227: 26244
228: 27000
229: 27648
230: 28125
231: 28800
232: 29160
233: 30000
234: 30375
235: 30720
236: 31104
237: 31250
238: 32000
239: 32400
240: 32768
241: 32805
242: 33750
243: 34560
244: 34992
245: 36000
246: 36450
247: 36864
248: 37500
249: 38400
250: 38880
251: 39366
252: 40000
253: 40500
254: 40960
255: 41472
256: 43200
257: 43740
258: 45000
259: 46080
260: 46656
261: 46875
262: 48000
263: 48600
264: 49152
265: 50000
266: 50625
267: 51200
268: 51840
269: 52488
270: 54000
271: 54675
272: 55296
273: 56250
274: 57600
275: 58320
276: 59049
277: 60000
278: 60750
279: 61440
280: 62208
281: 62500
282: 64000
283: 64800
284: 65536
285: 65610
286: 67500
287: 69120
288: 69984
289: 72000
290: 72900
291: 73728
292: 75000
293: 76800
294: 77760
295: 78125
296: 78732
297: 80000
298: 81000
299: 81920
300: 82944
301: 84375
302: 86400
303: 87480
304: 90000
305: 91125
306: 92160
307: 93312
308: 93750
309: 96000
310: 97200
311: 98304
312: 98415
313: 100000
314: 101250
315: 102400
316: 103680
317: 104976
318: 108000
319: 109350
320: 110592
321: 112500
322: 115200
323: 116640
324: 118098
325: 120000
326: 121500
327: 122880
328: 124416
329: 125000
330: 128000
331: 129600
332: 131072
333: 131220
334: 135000
335: 138240
336: 139968
337: 140625
338: 144000
339: 145800
340: 147456
341: 150000
342: 151875
343: 153600
344: 155520
345: 156250
346: 157464
347: 160000
348: 162000
349: 163840
350: 164025
351: 165888
352: 168750
353: 172800
354: 174960
355: 177147
356: 180000
357: 182250
358: 184320
359: 186624
360: 187500
361: 192000
362: 194400
363: 196608
364: 196830
365: 200000
366: 202500
367: 204800
368: 207360
369: 209952
370: 216000
371: 218700
372: 221184
373: 225000
374: 230400
375: 233280
376: 234375
377: 236196
378: 240000
379: 243000
380: 245760
381: 248832
382: 250000
383: 253125
384: 256000
385: 259200
386: 262440
387: 270000
388: 273375
389: 276480
390: 279936
391: 281250
392: 288000
393: 291600
394: 294912
395: 295245
396: 300000
397: 303750
398: 307200
399: 311040
400: 312500
401: 314928
402: 320000
403: 324000
404: 327680
405: 328050
406: 331776
407: 337500
408: 345600
409: 349920
410: 354294
411: 360000
412: 364500
413: 368640
414: 373248
415: 375000
416: 384000
417: 388800
418: 390625
419: 393660
420: 400000
421: 405000
422: 409600
423: 414720
424: 419904
425: 421875
426: 432000
427: 437400
428: 442368
429: 450000
430: 455625
431: 460800
432: 466560
433: 468750
434: 472392
435: 480000
436: 486000
437: 491520
438: 492075
439: 497664
440: 500000
441: 506250
442: 512000
443: 518400
444: 524880
445: 531441
446: 540000
447: 546750
448: 552960
449: 559872
450: 562500
451: 576000
452: 583200
453: 590490
454: 600000
455: 607500
456: 614400
457: 622080
458: 625000
459: 629856
460: 640000
461: 648000
462: 656100
463: 663552
464: 675000
465: 691200
466: 699840
467: 703125
468: 708588
469: 720000
470: 729000
471: 737280
472: 746496
473: 750000
474: 759375
475: 768000
476: 777600
477: 781250
478: 787320
479: 800000
480: 810000
481: 819200
482: 820125
483: 829440
484: 839808
485: 843750
486: 864000
487: 874800
488: 885735
489: 900000
490: 911250
491: 921600
492: 933120
493: 937500
494: 944784
495: 960000
496: 972000
497: 984150
498: 995328
499: 1000000
500: 1012500
501: 1024000
502: 1036800
503: 1049760
504: 1062882
505: 1080000
506: 1093500
507: 1105920
508: 1119744
509: 1125000
510: 1152000
511: 1166400
512: 1171875
513: 1180980
514: 1200000
515: 1215000
516: 1228800
517: 1244160
518: 1250000
519: 1259712
520: 1265625
521: 1280000
522: 1296000
523: 1312200
524: 1350000
525: 1366875
526: 1382400
527: 1399680
528: 1406250
529: 1417176
530: 1440000
531: 1458000
532: 1476225
533: 1492992
534: 1500000
535: 1518750
536: 1536000
537: 1555200
538: 1562500
539: 1574640
540: 1594323
541: 1600000
542: 1620000
543: 1640250
544: 1658880
545: 1679616
546: 1687500
547: 1728000
548: 1749600
549: 1771470
550: 1800000
551: 1822500
552: 1843200
553: 1866240
554: 1875000
555: 1889568
556: 1920000
557: 1944000
558: 1953125
559: 1968300
560: 2000000
561: 2025000
562: 2048000
563: 2073600
564: 2099520
565: 2109375
566: 2125764
567: 2160000
568: 2187000
569: 2239488
570: 2250000
571: 2278125
572: 2304000
573: 2332800
574: 2343750
575: 2361960
576: 2400000
577: 2430000
578: 2460375
579: 2488320
580: 2500000
581: 2519424
582: 2531250
583: 2560000
584: 2592000
585: 2624400
586: 2657205
587: 2700000
588: 2733750
589: 2764800
590: 2799360
591: 2812500
592: 2834352
593: 2880000
594: 2916000
595: 2952450
596: 3000000
597: 3037500
598: 3072000
599: 3110400
600: 3125000
601: 3149280
602: 3188646
603: 3200000
604: 3240000
605: 3280500
606: 3375000
607: 3456000
608: 3499200
609: 3515625
610: 3542940
611: 3600000
612: 3645000
613: 3732480
614: 3750000
615: 3779136
616: 3796875
617: 3840000
618: 3888000
619: 3906250
620: 3936600
621: 4000000
622: 4050000
623: 4100625
624: 4147200
625: 4199040
626: 4218750
627: 4251528
628: 4320000
629: 4374000
630: 4428675
631: 4500000
632: 4556250
633: 4608000
634: 4665600
635: 4687500
636: 4723920
637: 4782969
638: 4800000
639: 4860000
640: 4920750
641: 5000000
642: 5062500
643: 5120000
644: 5184000
645: 5248800
646: 5314410
647: 5400000
648: 5467500
649: 5625000
650: 5668704
651: 5760000
652: 5832000
653: 5859375
654: 5904900
655: 6000000
656: 6075000
657: 6220800
658: 6250000
659: 6298560
660: 6328125
661: 6377292
662: 6400000
663: 6480000
664: 6561000
665: 6750000
666: 6834375
667: 6912000
668: 6998400
669: 7031250
670: 7085880
671: 7200000
672: 7290000
673: 7381125
674: 7500000
675: 7593750
676: 7680000
677: 7776000
678: 7812500
679: 7873200
680: 7971615
681: 8000000
682: 8100000
683: 8201250
684: 8437500
685: 8503056
686: 8640000
687: 8748000
688: 8857350
689: 9000000
690: 9112500
691: 9375000
692: 9447840
693: 9565938
694: 9600000
695: 9720000
696: 9765625
697: 9841500
698: 10000000
699: 10125000
700: 10368000
701: 10497600
702: 10546875
703: 10628820
704: 10800000
705: 10935000
706: 11250000
707: 11390625
708: 11520000
709: 11664000
710: 11718750
711: 11809800
712: 12000000
713: 12150000
714: 12301875
715: 12500000
716: 12656250
717: 12754584
718: 12800000
719: 12960000
720: 13122000
721: 13286025
722: 13500000
723: 13668750
724: 14062500
725: 14171760
726: 14348907
727: 14400000
728: 14580000
729: 14762250
730: 15000000
731: 15187500
732: 15625000
733: 15746400
734: 15943230
735: 16000000
736: 16200000
737: 16402500
738: 16875000
739: 17280000
740: 17496000
741: 17578125
742: 17714700
743: 18000000
744: 18225000
745: 18750000
746: 18984375
747: 19131876
748: 19200000
749: 19440000
750: 19531250
751: 19683000
752: 20000000
753: 20250000
754: 20503125
755: 21093750
756: 21257640
757: 21600000
758: 21870000
759: 22143375
760: 22500000
761: 22781250
762: 23437500
763: 23619600
764: 23914845
765: 24000000
766: 24300000
767: 24603750
768: 25000000
769: 25312500
770: 26244000
771: 26572050
772: 27000000
773: 27337500
774: 28125000
775: 28697814
776: 28800000
777: 29160000
778: 29296875
779: 29524500
780: 30000000
781: 30375000
782: 31250000
783: 31640625
784: 31886460
785: 32000000
786: 32400000
787: 32805000
788: 33750000
789: 34171875
790: 35156250
791: 35429400
792: 36000000
793: 36450000
794: 36905625
795: 37500000
796: 37968750
797: 39062500
798: 39366000
799: 39858075
800: 40000000
801: 40500000
802: 41006250
803: 42187500
804: 43046721
805: 43740000
806: 44286750
807: 45000000
808: 45562500
809: 46875000
810: 47829690
811: 48000000
812: 48600000
813: 48828125
814: 49207500
815: 50000000
816: 50625000
817: 52734375
818: 53144100
819: 54000000
820: 54675000
821: 56250000
822: 56953125
823: 58593750
824: 59049000
825: 60000000
826: 60750000
827: 61509375
828: 62500000
829: 63281250
830: 65610000
831: 66430125
832: 67500000
833: 68343750
834: 70312500
835: 71744535
836: 72900000
837: 73811250
838: 75000000
839: 75937500
840: 78125000
841: 79716150
842: 81000000
843: 82012500
844: 84375000
845: 87890625
846: 88573500
847: 90000000
848: 91125000
849: 93750000
850: 94921875
851: 97656250
852: 98415000
853: 100000000
854: 101250000
855: 102515625
856: 105468750
857: 109350000
858: 110716875
859: 112500000
860: 113906250
861: 117187500
862: 119574225
863: 121500000
864: 123018750
865: 125000000
866: 126562500
867: 132860250
868: 135000000
869: 136687500
870: 140625000
871: 146484375
872: 147622500
873: 150000000
874: 151875000
875: 156250000
876: 158203125
877: 164025000
878: 168750000
879: 170859375
880: 175781250
881: 182250000
882: 184528125
883: 187500000
884: 189843750
885: 195312500
886: 199290375
887: 202500000
888: 205031250
889: 210937500
890: 221433750
891: 225000000
892: 227812500
893: 234375000
894: 244140625
895: 246037500
896: 250000000
897: 253125000
898: 263671875
899: 273375000
900: 281250000
901: 284765625
902: 292968750
903: 303750000
904: 307546875
905: 312500000
906: 316406250
907: 332150625
908: 337500000
909: 341718750
910: 351562500
911: 369056250
912: 375000000
913: 379687500
914: 390625000
915: 410062500
916: 421875000
917: 439453125
918: 455625000
919: 468750000
920: 474609375
921: 488281250
922: 506250000
923: 512578125
924: 527343750
925: 553584375
926: 562500000
927: 569531250
928: 585937500
929: 615093750
930: 625000000
931: 632812500
932: 683437500
933: 703125000
934: 732421875
935: 759375000
936: 781250000
937: 791015625
938: 843750000
939: 854296875
940: 878906250
941: 922640625
942: 937500000
943: 949218750
944: 976562500
945: 1025156250
946: 1054687500
947: 1139062500
948: 1171875000
949: 1220703125
950: 1265625000
951: 1318359375
952: 1406250000
953: 1423828125
954: 1464843750
955: 1537734375
956: 1562500000
957: 1582031250
958: 1708593750
959: 1757812500
960: 1898437500
961: 1953125000
962: 2109375000
963: 2197265625
964: 2343750000
965: 2373046875
966: 2441406250
967: 2562890625
968: 2636718750
969: 2847656250
970: 2929687500
971: 3164062500
972: 3515625000
973: 3662109375
974: 3906250000
975: 3955078125
976: 4271484375
977: 4394531250
978: 4746093750
979: 4882812500
980: 5273437500
981: 5859375000
982: 6103515625
983: 6591796875
984: 7119140625
985: 7324218750
986: 7910156250
987: 8789062500
988: 9765625000
989: 10986328125
990: 11865234375
991: 12207031250
992: 13183593750
993: 14648437500
994: 18310546875
995: 19775390625
996: 21972656250
997: 24414062500
998: 30517578125
999: 32958984375
1000: 36621093750
...
1000: 36621093750
----------------------------------------------------------------
----------------------------------------------------------------
Spend time in millis: '807' for '10000' hamming numbers (including sorting)
----------------------------------------------------------------
1: 1
2: 2
3: 3
4: 4
5: 5
6: 6
7: 8
8: 9
9: 10
10: 12
11: 15
12: 16
13: 18
14: 20
15: 24
16: 25
17: 27
18: 30
19: 32
20: 36
21: 40
22: 45
23: 48
24: 50
25: 54
26: 60
27: 64
28: 72
29: 75
30: 80
31: 81
32: 90
33: 96
34: 100
35: 108
36: 120
37: 125
38: 128
39: 135
40: 144
41: 150
42: 160
43: 162
44: 180
45: 192
46: 200
47: 216
48: 225
49: 240
50: 243
51: 250
52: 256
53: 270
54: 288
55: 300
56: 320
57: 324
58: 360
59: 375
60: 384
61: 400
62: 405
63: 432
64: 450
65: 480
66: 486
67: 500
68: 512
69: 540
70: 576
71: 600
72: 625
73: 640
74: 648
75: 675
76: 720
77: 729
78: 750
79: 768
80: 800
81: 810
82: 864
83: 900
84: 960
85: 972
86: 1000
87: 1024
88: 1080
89: 1125
90: 1152
91: 1200
92: 1215
93: 1250
94: 1280
95: 1296
96: 1350
97: 1440
98: 1458
99: 1500
100: 1536
101: 1600
102: 1620
103: 1728
104: 1800
105: 1875
106: 1920
107: 1944
108: 2000
109: 2025
110: 2048
111: 2160
112: 2187
113: 2250
114: 2304
115: 2400
116: 2430
117: 2500
118: 2560
119: 2592
120: 2700
121: 2880
122: 2916
123: 3000
124: 3072
125: 3125
126: 3200
127: 3240
128: 3375
129: 3456
130: 3600
131: 3645
132: 3750
133: 3840
134: 3888
135: 4000
136: 4050
137: 4096
138: 4320
139: 4374
140: 4500
141: 4608
142: 4800
143: 4860
144: 5000
145: 5120
146: 5184
147: 5400
148: 5625
149: 5760
150: 5832
151: 6000
152: 6075
153: 6144
154: 6250
155: 6400
156: 6480
157: 6561
158: 6750
159: 6912
160: 7200
161: 7290
162: 7500
163: 7680
164: 7776
165: 8000
166: 8100
167: 8192
168: 8640
169: 8748
170: 9000
171: 9216
172: 9375
173: 9600
174: 9720
175: 10000
176: 10125
177: 10240
178: 10368
179: 10800
180: 10935
181: 11250
182: 11520
183: 11664
184: 12000
185: 12150
186: 12288
187: 12500
188: 12800
189: 12960
190: 13122
191: 13500
192: 13824
193: 14400
194: 14580
195: 15000
196: 15360
197: 15552
198: 15625
199: 16000
200: 16200
201: 16384
202: 16875
203: 17280
204: 17496
205: 18000
206: 18225
207: 18432
208: 18750
209: 19200
210: 19440
211: 19683
212: 20000
213: 20250
214: 20480
215: 20736
216: 21600
217: 21870
218: 22500
219: 23040
220: 23328
221: 24000
222: 24300
223: 24576
224: 25000
225: 25600
226: 25920
227: 26244
228: 27000
229: 27648
230: 28125
231: 28800
232: 29160
233: 30000
234: 30375
235: 30720
236: 31104
237: 31250
238: 32000
239: 32400
240: 32768
241: 32805
242: 33750
243: 34560
244: 34992
245: 36000
246: 36450
247: 36864
248: 37500
249: 38400
250: 38880
251: 39366
252: 40000
253: 40500
254: 40960
255: 41472
256: 43200
257: 43740
258: 45000
259: 46080
260: 46656
261: 46875
262: 48000
263: 48600
264: 49152
265: 50000
266: 50625
267: 51200
268: 51840
269: 52488
270: 54000
271: 54675
272: 55296
273: 56250
274: 57600
275: 58320
276: 59049
277: 60000
278: 60750
279: 61440
280: 62208
281: 62500
282: 64000
283: 64800
284: 65536
285: 65610
286: 67500
287: 69120
288: 69984
289: 72000
290: 72900
291: 73728
292: 75000
293: 76800
294: 77760
295: 78125
296: 78732
297: 80000
298: 81000
299: 81920
300: 82944
301: 84375
302: 86400
303: 87480
304: 90000
305: 91125
306: 92160
307: 93312
308: 93750
309: 96000
310: 97200
311: 98304
312: 98415
313: 100000
314: 101250
315: 102400
316: 103680
317: 104976
318: 108000
319: 109350
320: 110592
321: 112500
322: 115200
323: 116640
324: 118098
325: 120000
326: 121500
327: 122880
328: 124416
329: 125000
330: 128000
331: 129600
332: 131072
333: 131220
334: 135000
335: 138240
336: 139968
337: 140625
338: 144000
339: 145800
340: 147456
341: 150000
342: 151875
343: 153600
344: 155520
345: 156250
346: 157464
347: 160000
348: 162000
349: 163840
350: 164025
351: 165888
352: 168750
353: 172800
354: 174960
355: 177147
356: 180000
357: 182250
358: 184320
359: 186624
360: 187500
361: 192000
362: 194400
363: 196608
364: 196830
365: 200000
366: 202500
367: 204800
368: 207360
369: 209952
370: 216000
371: 218700
372: 221184
373: 225000
374: 230400
375: 233280
376: 234375
377: 236196
378: 240000
379: 243000
380: 245760
381: 248832
382: 250000
383: 253125
384: 256000
385: 259200
386: 262144
387: 262440
388: 270000
389: 273375
390: 276480
391: 279936
392: 281250
393: 288000
394: 291600
395: 294912
396: 295245
397: 300000
398: 303750
399: 307200
400: 311040
401: 312500
402: 314928
403: 320000
404: 324000
405: 327680
406: 328050
407: 331776
408: 337500
409: 345600
410: 349920
411: 354294
412: 360000
413: 364500
414: 368640
415: 373248
416: 375000
417: 384000
418: 388800
419: 390625
420: 393216
421: 393660
422: 400000
423: 405000
424: 409600
425: 414720
426: 419904
427: 421875
428: 432000
429: 437400
430: 442368
431: 450000
432: 455625
433: 460800
434: 466560
435: 468750
436: 472392
437: 480000
438: 486000
439: 491520
440: 492075
441: 497664
442: 500000
443: 506250
444: 512000
445: 518400
446: 524288
447: 524880
448: 531441
449: 540000
450: 546750
451: 552960
452: 559872
453: 562500
454: 576000
455: 583200
456: 589824
457: 590490
458: 600000
459: 607500
460: 614400
461: 622080
462: 625000
463: 629856
464: 640000
465: 648000
466: 655360
467: 656100
468: 663552
469: 675000
470: 691200
471: 699840
472: 703125
473: 708588
474: 720000
475: 729000
476: 737280
477: 746496
478: 750000
479: 759375
480: 768000
481: 777600
482: 781250
483: 786432
484: 787320
485: 800000
486: 810000
487: 819200
488: 820125
489: 829440
490: 839808
491: 843750
492: 864000
493: 874800
494: 884736
495: 885735
496: 900000
497: 911250
498: 921600
499: 933120
500: 937500
501: 944784
502: 960000
503: 972000
504: 983040
505: 984150
506: 995328
507: 1000000
508: 1012500
509: 1024000
510: 1036800
511: 1048576
512: 1049760
513: 1062882
514: 1080000
515: 1093500
516: 1105920
517: 1119744
518: 1125000
519: 1152000
520: 1166400
521: 1171875
522: 1179648
523: 1180980
524: 1200000
525: 1215000
526: 1228800
527: 1244160
528: 1250000
529: 1259712
530: 1265625
531: 1280000
532: 1296000
533: 1310720
534: 1312200
535: 1327104
536: 1350000
537: 1366875
538: 1382400
539: 1399680
540: 1406250
541: 1417176
542: 1440000
543: 1458000
544: 1474560
545: 1476225
546: 1492992
547: 1500000
548: 1518750
549: 1536000
550: 1555200
551: 1562500
552: 1572864
553: 1574640
554: 1594323
555: 1600000
556: 1620000
557: 1638400
558: 1640250
559: 1658880
560: 1679616
561: 1687500
562: 1728000
563: 1749600
564: 1769472
565: 1771470
566: 1800000
567: 1822500
568: 1843200
569: 1866240
570: 1875000
571: 1889568
572: 1920000
573: 1944000
574: 1953125
575: 1966080
576: 1968300
577: 1990656
578: 2000000
579: 2025000
580: 2048000
581: 2073600
582: 2097152
583: 2099520
584: 2109375
585: 2125764
586: 2160000
587: 2187000
588: 2211840
589: 2239488
590: 2250000
591: 2278125
592: 2304000
593: 2332800
594: 2343750
595: 2359296
596: 2361960
597: 2400000
598: 2430000
599: 2457600
600: 2460375
601: 2488320
602: 2500000
603: 2519424
604: 2531250
605: 2560000
606: 2592000
607: 2621440
608: 2624400
609: 2654208
610: 2657205
611: 2700000
612: 2733750
613: 2764800
614: 2799360
615: 2812500
616: 2834352
617: 2880000
618: 2916000
619: 2949120
620: 2952450
621: 2985984
622: 3000000
623: 3037500
624: 3072000
625: 3110400
626: 3125000
627: 3145728
628: 3149280
629: 3188646
630: 3200000
631: 3240000
632: 3276800
633: 3280500
634: 3317760
635: 3359232
636: 3375000
637: 3456000
638: 3499200
639: 3515625
640: 3538944
641: 3542940
642: 3600000
643: 3645000
644: 3686400
645: 3732480
646: 3750000
647: 3779136
648: 3796875
649: 3840000
650: 3888000
651: 3906250
652: 3932160
653: 3936600
654: 3981312
655: 4000000
656: 4050000
657: 4096000
658: 4100625
659: 4147200
660: 4194304
661: 4199040
662: 4218750
663: 4251528
664: 4320000
665: 4374000
666: 4423680
667: 4428675
668: 4478976
669: 4500000
670: 4556250
671: 4608000
672: 4665600
673: 4687500
674: 4718592
675: 4723920
676: 4782969
677: 4800000
678: 4860000
679: 4915200
680: 4920750
681: 4976640
682: 5000000
683: 5038848
684: 5062500
685: 5120000
686: 5184000
687: 5242880
688: 5248800
689: 5308416
690: 5314410
691: 5400000
692: 5467500
693: 5529600
694: 5598720
695: 5625000
696: 5668704
697: 5760000
698: 5832000
699: 5859375
700: 5898240
701: 5904900
702: 5971968
703: 6000000
704: 6075000
705: 6144000
706: 6220800
707: 6250000
708: 6291456
709: 6298560
710: 6328125
711: 6377292
712: 6400000
713: 6480000
714: 6553600
715: 6561000
716: 6635520
717: 6718464
718: 6750000
719: 6834375
720: 6912000
721: 6998400
722: 7031250
723: 7077888
724: 7085880
725: 7200000
726: 7290000
727: 7372800
728: 7381125
729: 7464960
730: 7500000
731: 7558272
732: 7593750
733: 7680000
734: 7776000
735: 7812500
736: 7864320
737: 7873200
738: 7962624
739: 7971615
740: 8000000
741: 8100000
742: 8192000
743: 8201250
744: 8294400
745: 8388608
746: 8398080
747: 8437500
748: 8503056
749: 8640000
750: 8748000
751: 8847360
752: 8857350
753: 8957952
754: 9000000
755: 9112500
756: 9216000
757: 9331200
758: 9375000
759: 9437184
760: 9447840
761: 9565938
762: 9600000
763: 9720000
764: 9765625
765: 9830400
766: 9841500
767: 9953280
768: 10000000
769: 10077696
770: 10125000
771: 10240000
772: 10368000
773: 10485760
774: 10497600
775: 10546875
776: 10616832
777: 10628820
778: 10800000
779: 10935000
780: 11059200
781: 11197440
782: 11250000
783: 11337408
784: 11390625
785: 11520000
786: 11664000
787: 11718750
788: 11796480
789: 11809800
790: 11943936
791: 12000000
792: 12150000
793: 12288000
794: 12301875
795: 12441600
796: 12500000
797: 12582912
798: 12597120
799: 12656250
800: 12754584
801: 12800000
802: 12960000
803: 13107200
804: 13122000
805: 13271040
806: 13286025
807: 13436928
808: 13500000
809: 13668750
810: 13824000
811: 13996800
812: 14062500
813: 14155776
814: 14171760
815: 14348907
816: 14400000
817: 14580000
818: 14745600
819: 14762250
820: 14929920
821: 15000000
822: 15116544
823: 15187500
824: 15360000
825: 15552000
826: 15625000
827: 15728640
828: 15746400
829: 15925248
830: 15943230
831: 16000000
832: 16200000
833: 16384000
834: 16402500
835: 16588800
836: 16777216
837: 16796160
838: 16875000
839: 17006112
840: 17280000
841: 17496000
842: 17578125
843: 17694720
844: 17714700
845: 17915904
846: 18000000
847: 18225000
848: 18432000
849: 18662400
850: 18750000
851: 18874368
852: 18895680
853: 18984375
854: 19131876
855: 19200000
856: 19440000
857: 19531250
858: 19660800
859: 19683000
860: 19906560
861: 20000000
862: 20155392
863: 20250000
864: 20480000
865: 20503125
866: 20736000
867: 20971520
868: 20995200
869: 21093750
870: 21233664
871: 21257640
872: 21600000
873: 21870000
874: 22118400
875: 22143375
876: 22394880
877: 22500000
878: 22674816
879: 22781250
880: 23040000
881: 23328000
882: 23437500
883: 23592960
884: 23619600
885: 23887872
886: 23914845
887: 24000000
888: 24300000
889: 24576000
890: 24603750
891: 24883200
892: 25000000
893: 25165824
894: 25194240
895: 25312500
896: 25509168
897: 25600000
898: 25920000
899: 26214400
900: 26244000
901: 26542080
902: 26572050
903: 26873856
904: 27000000
905: 27337500
906: 27648000
907: 27993600
908: 28125000
909: 28311552
910: 28343520
911: 28697814
912: 28800000
913: 29160000
914: 29296875
915: 29491200
916: 29524500
917: 29859840
918: 30000000
919: 30233088
920: 30375000
921: 30720000
922: 31104000
923: 31250000
924: 31457280
925: 31492800
926: 31640625
927: 31850496
928: 31886460
929: 32000000
930: 32400000
931: 32768000
932: 32805000
933: 33177600
934: 33554432
935: 33592320
936: 33750000
937: 34012224
938: 34171875
939: 34560000
940: 34992000
941: 35156250
942: 35389440
943: 35429400
944: 35831808
945: 36000000
946: 36450000
947: 36864000
948: 36905625
949: 37324800
950: 37500000
951: 37748736
952: 37791360
953: 37968750
954: 38263752
955: 38400000
956: 38880000
957: 39062500
958: 39321600
959: 39366000
960: 39813120
961: 39858075
962: 40000000
963: 40310784
964: 40500000
965: 40960000
966: 41006250
967: 41472000
968: 41943040
969: 41990400
970: 42187500
971: 42467328
972: 42515280
973: 43046721
974: 43200000
975: 43740000
976: 44236800
977: 44286750
978: 44789760
979: 45000000
980: 45349632
981: 45562500
982: 46080000
983: 46656000
984: 46875000
985: 47185920
986: 47239200
987: 47775744
988: 47829690
989: 48000000
990: 48600000
991: 48828125
992: 49152000
993: 49207500
994: 49766400
995: 50000000
996: 50331648
997: 50388480
998: 50625000
999: 51018336
1000: 51200000
1001: 51840000
1002: 52428800
1003: 52488000
1004: 52734375
1005: 53084160
1006: 53144100
1007: 53747712
1008: 54000000
1009: 54675000
1010: 55296000
1011: 55987200
1012: 56250000
1013: 56623104
1014: 56687040
1015: 56953125
1016: 57395628
1017: 57600000
1018: 58320000
1019: 58593750
1020: 58982400
1021: 59049000
1022: 59719680
1023: 60000000
1024: 60466176
1025: 60750000
1026: 61440000
1027: 61509375
1028: 62208000
1029: 62500000
1030: 62914560
1031: 62985600
1032: 63281250
1033: 63700992
1034: 63772920
1035: 64000000
1036: 64800000
1037: 65536000
1038: 65610000
1039: 66355200
1040: 66430125
1041: 67108864
1042: 67184640
1043: 67500000
1044: 68024448
1045: 68343750
1046: 69120000
1047: 69984000
1048: 70312500
1049: 70778880
1050: 70858800
1051: 71663616
1052: 71744535
1053: 72000000
1054: 72900000
1055: 73728000
1056: 73811250
1057: 74649600
1058: 75000000
1059: 75497472
1060: 75582720
1061: 75937500
1062: 76527504
1063: 76800000
1064: 77760000
1065: 78125000
1066: 78643200
1067: 78732000
1068: 79626240
1069: 79716150
1070: 80000000
1071: 80621568
1072: 81000000
1073: 81920000
1074: 82012500
1075: 82944000
1076: 83886080
1077: 83980800
1078: 84375000
1079: 84934656
1080: 85030560
1081: 86093442
1082: 86400000
1083: 87480000
1084: 87890625
1085: 88473600
1086: 88573500
1087: 89579520
1088: 90000000
1089: 90699264
1090: 91125000
1091: 92160000
1092: 93312000
1093: 93750000
1094: 94371840
1095: 94478400
1096: 94921875
1097: 95551488
1098: 95659380
1099: 96000000
1100: 97200000
1101: 97656250
1102: 98304000
1103: 98415000
1104: 99532800
1105: 100000000
1106: 100663296
1107: 100776960
1108: 101250000
1109: 102036672
1110: 102400000
1111: 102515625
1112: 103680000
1113: 104857600
1114: 104976000
1115: 105468750
1116: 106168320
1117: 106288200
1118: 107495424
1119: 108000000
1120: 109350000
1121: 110592000
1122: 110716875
1123: 111974400
1124: 112500000
1125: 113246208
1126: 113374080
1127: 113906250
1128: 114791256
1129: 115200000
1130: 116640000
1131: 117187500
1132: 117964800
1133: 118098000
1134: 119439360
1135: 119574225
1136: 120000000
1137: 120932352
1138: 121500000
1139: 122880000
1140: 123018750
1141: 124416000
1142: 125000000
1143: 125829120
1144: 125971200
1145: 126562500
1146: 127401984
1147: 127545840
1148: 128000000
1149: 129140163
1150: 129600000
1151: 131072000
1152: 131220000
1153: 132710400
1154: 132860250
1155: 134217728
1156: 134369280
1157: 135000000
1158: 136048896
1159: 136687500
1160: 138240000
1161: 139968000
1162: 140625000
1163: 141557760
1164: 141717600
1165: 143327232
1166: 143489070
1167: 144000000
1168: 145800000
1169: 146484375
1170: 147456000
1171: 147622500
1172: 149299200
1173: 150000000
1174: 150994944
1175: 151165440
1176: 151875000
1177: 153055008
1178: 153600000
1179: 155520000
1180: 156250000
1181: 157286400
1182: 157464000
1183: 158203125
1184: 159252480
1185: 159432300
1186: 160000000
1187: 161243136
1188: 162000000
1189: 163840000
1190: 164025000
1191: 165888000
1192: 167772160
1193: 167961600
1194: 168750000
1195: 169869312
1196: 170061120
1197: 170859375
1198: 172186884
1199: 172800000
1200: 174960000
1201: 175781250
1202: 176947200
1203: 177147000
1204: 179159040
1205: 180000000
1206: 181398528
1207: 182250000
1208: 184320000
1209: 184528125
1210: 186624000
1211: 187500000
1212: 188743680
1213: 188956800
1214: 189843750
1215: 191102976
1216: 191318760
1217: 192000000
1218: 194400000
1219: 195312500
1220: 196608000
1221: 196830000
1222: 199065600
1223: 199290375
1224: 200000000
1225: 201326592
1226: 201553920
1227: 202500000
1228: 204073344
1229: 204800000
1230: 205031250
1231: 207360000
1232: 209715200
1233: 209952000
1234: 210937500
1235: 212336640
1236: 212576400
1237: 214990848
1238: 215233605
1239: 216000000
1240: 218700000
1241: 221184000
1242: 221433750
1243: 223948800
1244: 225000000
1245: 226492416
1246: 226748160
1247: 227812500
1248: 229582512
1249: 230400000
1250: 233280000
1251: 234375000
1252: 235929600
1253: 236196000
1254: 238878720
1255: 239148450
1256: 240000000
1257: 241864704
1258: 243000000
1259: 244140625
1260: 245760000
1261: 246037500
1262: 248832000
1263: 250000000
1264: 251658240
1265: 251942400
1266: 253125000
1267: 254803968
1268: 255091680
1269: 256000000
1270: 258280326
1271: 259200000
1272: 262144000
1273: 262440000
1274: 263671875
1275: 265420800
1276: 265720500
1277: 268435456
1278: 268738560
1279: 270000000
1280: 272097792
1281: 273375000
1282: 276480000
1283: 279936000
1284: 281250000
1285: 283115520
1286: 283435200
1287: 284765625
1288: 286654464
1289: 286978140
1290: 288000000
1291: 291600000
1292: 292968750
1293: 294912000
1294: 295245000
1295: 298598400
1296: 300000000
1297: 301989888
1298: 302330880
1299: 303750000
1300: 306110016
1301: 307200000
1302: 307546875
1303: 311040000
1304: 312500000
1305: 314572800
1306: 314928000
1307: 316406250
1308: 318504960
1309: 318864600
1310: 320000000
1311: 322486272
1312: 324000000
1313: 327680000
1314: 328050000
1315: 331776000
1316: 332150625
1317: 335544320
1318: 335923200
1319: 337500000
1320: 339738624
1321: 340122240
1322: 341718750
1323: 344373768
1324: 345600000
1325: 349920000
1326: 351562500
1327: 353894400
1328: 354294000
1329: 358318080
1330: 358722675
1331: 360000000
1332: 362797056
1333: 364500000
1334: 368640000
1335: 369056250
1336: 373248000
1337: 375000000
1338: 377487360
1339: 377913600
1340: 379687500
1341: 382205952
1342: 382637520
1343: 384000000
1344: 387420489
1345: 388800000
1346: 390625000
1347: 393216000
1348: 393660000
1349: 398131200
1350: 398580750
1351: 400000000
1352: 402653184
1353: 403107840
1354: 405000000
1355: 408146688
1356: 409600000
1357: 410062500
1358: 414720000
1359: 419430400
1360: 419904000
1361: 421875000
1362: 424673280
1363: 425152800
1364: 429981696
1365: 430467210
1366: 432000000
1367: 437400000
1368: 439453125
1369: 442368000
1370: 442867500
1371: 447897600
1372: 450000000
1373: 452984832
1374: 453496320
1375: 455625000
1376: 459165024
1377: 460800000
1378: 466560000
1379: 468750000
1380: 471859200
1381: 472392000
1382: 474609375
1383: 477757440
1384: 478296900
1385: 480000000
1386: 483729408
1387: 486000000
1388: 488281250
1389: 491520000
1390: 492075000
1391: 497664000
1392: 500000000
1393: 503316480
1394: 503884800
1395: 506250000
1396: 509607936
1397: 510183360
1398: 512000000
1399: 512578125
1400: 516560652
1401: 518400000
1402: 524288000
1403: 524880000
1404: 527343750
1405: 530841600
1406: 531441000
1407: 536870912
1408: 537477120
1409: 540000000
1410: 544195584
1411: 546750000
1412: 552960000
1413: 553584375
1414: 559872000
1415: 562500000
1416: 566231040
1417: 566870400
1418: 569531250
1419: 573308928
1420: 573956280
1421: 576000000
1422: 583200000
1423: 585937500
1424: 589824000
1425: 590490000
1426: 597196800
1427: 597871125
1428: 600000000
1429: 603979776
1430: 604661760
1431: 607500000
1432: 612220032
1433: 614400000
1434: 615093750
1435: 622080000
1436: 625000000
1437: 629145600
1438: 629856000
1439: 632812500
1440: 637009920
1441: 637729200
1442: 640000000
1443: 644972544
1444: 645700815
1445: 648000000
1446: 655360000
1447: 656100000
1448: 663552000
1449: 664301250
1450: 671088640
1451: 671846400
1452: 675000000
1453: 679477248
1454: 680244480
1455: 683437500
1456: 688747536
1457: 691200000
1458: 699840000
1459: 703125000
1460: 707788800
1461: 708588000
1462: 716636160
1463: 717445350
1464: 720000000
1465: 725594112
1466: 729000000
1467: 732421875
1468: 737280000
1469: 738112500
1470: 746496000
1471: 750000000
1472: 754974720
1473: 755827200
1474: 759375000
1475: 764411904
1476: 765275040
1477: 768000000
1478: 774840978
1479: 777600000
1480: 781250000
1481: 786432000
1482: 787320000
1483: 791015625
1484: 796262400
1485: 797161500
1486: 800000000
1487: 805306368
1488: 806215680
1489: 810000000
1490: 816293376
1491: 819200000
1492: 820125000
1493: 829440000
1494: 838860800
1495: 839808000
1496: 843750000
1497: 849346560
1498: 850305600
1499: 854296875
1500: 859963392
1501: 860934420
1502: 864000000
1503: 874800000
1504: 878906250
1505: 884736000
1506: 885735000
1507: 895795200
1508: 900000000
1509: 905969664
1510: 906992640
1511: 911250000
1512: 918330048
1513: 921600000
1514: 922640625
1515: 933120000
1516: 937500000
1517: 943718400
1518: 944784000
1519: 949218750
1520: 955514880
1521: 956593800
1522: 960000000
1523: 967458816
1524: 972000000
1525: 976562500
1526: 983040000
1527: 984150000
1528: 995328000
1529: 996451875
1530: 1000000000
1531: 1006632960
1532: 1007769600
1533: 1012500000
1534: 1019215872
1535: 1020366720
1536: 1024000000
1537: 1025156250
1538: 1033121304
1539: 1036800000
1540: 1048576000
1541: 1049760000
1542: 1054687500
1543: 1061683200
1544: 1062882000
1545: 1073741824
1546: 1074954240
1547: 1076168025
1548: 1080000000
1549: 1088391168
1550: 1093500000
1551: 1105920000
1552: 1107168750
1553: 1119744000
1554: 1125000000
1555: 1132462080
1556: 1133740800
1557: 1139062500
1558: 1146617856
1559: 1147912560
1560: 1152000000
1561: 1162261467
1562: 1166400000
1563: 1171875000
1564: 1179648000
1565: 1180980000
1566: 1194393600
1567: 1195742250
1568: 1200000000
1569: 1207959552
1570: 1209323520
1571: 1215000000
1572: 1220703125
1573: 1224440064
1574: 1228800000
1575: 1230187500
1576: 1244160000
1577: 1250000000
1578: 1258291200
1579: 1259712000
1580: 1265625000
1581: 1274019840
1582: 1275458400
1583: 1280000000
1584: 1289945088
1585: 1291401630
1586: 1296000000
1587: 1310720000
1588: 1312200000
1589: 1318359375
1590: 1327104000
1591: 1328602500
1592: 1342177280
1593: 1343692800
1594: 1350000000
1595: 1358954496
1596: 1360488960
1597: 1366875000
1598: 1377495072
1599: 1382400000
1600: 1399680000
1601: 1406250000
1602: 1415577600
1603: 1417176000
1604: 1423828125
1605: 1433272320
1606: 1434890700
1607: 1440000000
1608: 1451188224
1609: 1458000000
1610: 1464843750
1611: 1474560000
1612: 1476225000
1613: 1492992000
1614: 1500000000
1615: 1509949440
1616: 1511654400
1617: 1518750000
1618: 1528823808
1619: 1530550080
1620: 1536000000
1621: 1537734375
1622: 1549681956
1623: 1555200000
1624: 1562500000
1625: 1572864000
1626: 1574640000
1627: 1582031250
1628: 1592524800
1629: 1594323000
1630: 1600000000
1631: 1610612736
1632: 1612431360
1633: 1620000000
1634: 1632586752
1635: 1638400000
1636: 1640250000
1637: 1658880000
1638: 1660753125
1639: 1677721600
1640: 1679616000
1641: 1687500000
1642: 1698693120
1643: 1700611200
1644: 1708593750
1645: 1719926784
1646: 1721868840
1647: 1728000000
1648: 1749600000
1649: 1757812500
1650: 1769472000
1651: 1771470000
1652: 1791590400
1653: 1793613375
1654: 1800000000
1655: 1811939328
1656: 1813985280
1657: 1822500000
1658: 1836660096
1659: 1843200000
1660: 1845281250
1661: 1866240000
1662: 1875000000
1663: 1887436800
1664: 1889568000
1665: 1898437500
1666: 1911029760
1667: 1913187600
1668: 1920000000
1669: 1934917632
1670: 1937102445
1671: 1944000000
1672: 1953125000
1673: 1966080000
1674: 1968300000
1675: 1990656000
1676: 1992903750
1677: 2000000000
1678: 2013265920
1679: 2015539200
1680: 2025000000
1681: 2038431744
1682: 2040733440
1683: 2048000000
1684: 2050312500
1685: 2066242608
1686: 2073600000
1687: 2097152000
1688: 2099520000
1689: 2109375000
1690: 2123366400
1691: 2125764000
1692: 2147483648
1693: 2149908480
1694: 2152336050
1695: 2160000000
1696: 2176782336
1697: 2187000000
1698: 2197265625
1699: 2211840000
1700: 2214337500
1701: 2239488000
1702: 2250000000
1703: 2264924160
1704: 2267481600
1705: 2278125000
1706: 2293235712
1707: 2295825120
1708: 2304000000
1709: 2324522934
1710: 2332800000
1711: 2343750000
1712: 2359296000
1713: 2361960000
1714: 2373046875
1715: 2388787200
1716: 2391484500
1717: 2400000000
1718: 2415919104
1719: 2418647040
1720: 2430000000
1721: 2441406250
1722: 2448880128
1723: 2457600000
1724: 2460375000
1725: 2488320000
1726: 2500000000
1727: 2516582400
1728: 2519424000
1729: 2531250000
1730: 2548039680
1731: 2550916800
1732: 2560000000
1733: 2562890625
1734: 2579890176
1735: 2582803260
1736: 2592000000
1737: 2621440000
1738: 2624400000
1739: 2636718750
1740: 2654208000
1741: 2657205000
1742: 2684354560
1743: 2687385600
1744: 2700000000
1745: 2717908992
1746: 2720977920
1747: 2733750000
1748: 2754990144
1749: 2764800000
1750: 2767921875
1751: 2799360000
1752: 2812500000
1753: 2831155200
1754: 2834352000
1755: 2847656250
1756: 2866544640
1757: 2869781400
1758: 2880000000
1759: 2902376448
1760: 2916000000
1761: 2929687500
1762: 2949120000
1763: 2952450000
1764: 2985984000
1765: 2989355625
1766: 3000000000
1767: 3019898880
1768: 3023308800
1769: 3037500000
1770: 3057647616
1771: 3061100160
1772: 3072000000
1773: 3075468750
1774: 3099363912
1775: 3110400000
1776: 3125000000
1777: 3145728000
1778: 3149280000
1779: 3164062500
1780: 3185049600
1781: 3188646000
1782: 3200000000
1783: 3221225472
1784: 3224862720
1785: 3228504075
1786: 3240000000
1787: 3265173504
1788: 3276800000
1789: 3280500000
1790: 3317760000
1791: 3321506250
1792: 3355443200
1793: 3359232000
1794: 3375000000
1795: 3397386240
1796: 3401222400
1797: 3417187500
1798: 3439853568
1799: 3443737680
1800: 3456000000
1801: 3486784401
1802: 3499200000
1803: 3515625000
1804: 3538944000
1805: 3542940000
1806: 3583180800
1807: 3587226750
1808: 3600000000
1809: 3623878656
1810: 3627970560
1811: 3645000000
1812: 3662109375
1813: 3673320192
1814: 3686400000
1815: 3690562500
1816: 3732480000
1817: 3750000000
1818: 3774873600
1819: 3779136000
1820: 3796875000
1821: 3822059520
1822: 3826375200
1823: 3840000000
1824: 3869835264
1825: 3874204890
1826: 3888000000
1827: 3906250000
1828: 3932160000
1829: 3936600000
1830: 3955078125
1831: 3981312000
1832: 3985807500
1833: 4000000000
1834: 4026531840
1835: 4031078400
1836: 4050000000
1837: 4076863488
1838: 4081466880
1839: 4096000000
1840: 4100625000
1841: 4132485216
1842: 4147200000
1843: 4194304000
1844: 4199040000
1845: 4218750000
1846: 4246732800
1847: 4251528000
1848: 4271484375
1849: 4294967296
1850: 4299816960
1851: 4304672100
1852: 4320000000
1853: 4353564672
1854: 4374000000
1855: 4394531250
1856: 4423680000
1857: 4428675000
1858: 4478976000
1859: 4500000000
1860: 4529848320
1861: 4534963200
1862: 4556250000
1863: 4586471424
1864: 4591650240
1865: 4608000000
1866: 4613203125
1867: 4649045868
1868: 4665600000
1869: 4687500000
1870: 4718592000
1871: 4723920000
1872: 4746093750
1873: 4777574400
1874: 4782969000
1875: 4800000000
1876: 4831838208
1877: 4837294080
1878: 4860000000
1879: 4882812500
1880: 4897760256
1881: 4915200000
1882: 4920750000
1883: 4976640000
1884: 4982259375
1885: 5000000000
1886: 5033164800
1887: 5038848000
1888: 5062500000
1889: 5096079360
1890: 5101833600
1891: 5120000000
1892: 5125781250
1893: 5159780352
1894: 5165606520
1895: 5184000000
1896: 5242880000
1897: 5248800000
1898: 5273437500
1899: 5308416000
1900: 5314410000
1901: 5368709120
1902: 5374771200
1903: 5380840125
1904: 5400000000
1905: 5435817984
1906: 5441955840
1907: 5467500000
1908: 5509980288
1909: 5529600000
1910: 5535843750
1911: 5598720000
1912: 5625000000
1913: 5662310400
1914: 5668704000
1915: 5695312500
1916: 5733089280
1917: 5739562800
1918: 5760000000
1919: 5804752896
1920: 5811307335
1921: 5832000000
1922: 5859375000
1923: 5898240000
1924: 5904900000
1925: 5971968000
1926: 5978711250
1927: 6000000000
1928: 6039797760
1929: 6046617600
1930: 6075000000
1931: 6103515625
1932: 6115295232
1933: 6122200320
1934: 6144000000
1935: 6150937500
1936: 6198727824
1937: 6220800000
1938: 6250000000
1939: 6291456000
1940: 6298560000
1941: 6328125000
1942: 6370099200
1943: 6377292000
1944: 6400000000
1945: 6442450944
1946: 6449725440
1947: 6457008150
1948: 6480000000
1949: 6530347008
1950: 6553600000
1951: 6561000000
1952: 6591796875
1953: 6635520000
1954: 6643012500
1955: 6710886400
1956: 6718464000
1957: 6750000000
1958: 6794772480
1959: 6802444800
1960: 6834375000
1961: 6879707136
1962: 6887475360
1963: 6912000000
1964: 6973568802
1965: 6998400000
1966: 7031250000
1967: 7077888000
1968: 7085880000
1969: 7119140625
1970: 7166361600
1971: 7174453500
1972: 7200000000
1973: 7247757312
1974: 7255941120
1975: 7290000000
1976: 7324218750
1977: 7346640384
1978: 7372800000
1979: 7381125000
1980: 7464960000
1981: 7500000000
1982: 7549747200
1983: 7558272000
1984: 7593750000
1985: 7644119040
1986: 7652750400
1987: 7680000000
1988: 7688671875
1989: 7739670528
1990: 7748409780
1991: 7776000000
1992: 7812500000
1993: 7864320000
1994: 7873200000
1995: 7910156250
1996: 7962624000
1997: 7971615000
1998: 8000000000
1999: 8053063680
2000: 8062156800
2001: 8100000000
2002: 8153726976
2003: 8162933760
2004: 8192000000
2005: 8201250000
2006: 8264970432
2007: 8294400000
2008: 8303765625
2009: 8388608000
2010: 8398080000
2011: 8437500000
2012: 8493465600
2013: 8503056000
2014: 8542968750
2015: 8589934592
2016: 8599633920
2017: 8609344200
2018: 8640000000
2019: 8707129344
2020: 8748000000
2021: 8789062500
2022: 8847360000
2023: 8857350000
2024: 8957952000
2025: 8968066875
2026: 9000000000
2027: 9059696640
2028: 9069926400
2029: 9112500000
2030: 9172942848
2031: 9183300480
2032: 9216000000
2033: 9226406250
2034: 9298091736
2035: 9331200000
2036: 9375000000
2037: 9437184000
2038: 9447840000
2039: 9492187500
2040: 9555148800
2041: 9565938000
2042: 9600000000
2043: 9663676416
2044: 9674588160
2045: 9685512225
2046: 9720000000
2047: 9765625000
2048: 9795520512
2049: 9830400000
2050: 9841500000
2051: 9953280000
2052: 9964518750
2053: 10000000000
2054: 10066329600
2055: 10077696000
2056: 10125000000
2057: 10192158720
2058: 10203667200
2059: 10240000000
2060: 10251562500
2061: 10319560704
2062: 10331213040
2063: 10368000000
2064: 10460353203
2065: 10485760000
2066: 10497600000
2067: 10546875000
2068: 10616832000
2069: 10628820000
2070: 10737418240
2071: 10749542400
2072: 10761680250
2073: 10800000000
2074: 10871635968
2075: 10883911680
2076: 10935000000
2077: 10986328125
2078: 11019960576
2079: 11059200000
2080: 11071687500
2081: 11197440000
2082: 11250000000
2083: 11324620800
2084: 11337408000
2085: 11390625000
2086: 11466178560
2087: 11479125600
2088: 11520000000
2089: 11609505792
2090: 11622614670
2091: 11664000000
2092: 11718750000
2093: 11796480000
2094: 11809800000
2095: 11865234375
2096: 11943936000
2097: 11957422500
2098: 12000000000
2099: 12079595520
2100: 12093235200
2101: 12150000000
2102: 12207031250
2103: 12230590464
2104: 12244400640
2105: 12288000000
2106: 12301875000
2107: 12397455648
2108: 12441600000
2109: 12500000000
2110: 12582912000
2111: 12597120000
2112: 12656250000
2113: 12740198400
2114: 12754584000
2115: 12800000000
2116: 12814453125
2117: 12884901888
2118: 12899450880
2119: 12914016300
2120: 12960000000
2121: 13060694016
2122: 13107200000
2123: 13122000000
2124: 13183593750
2125: 13271040000
2126: 13286025000
2127: 13421772800
2128: 13436928000
2129: 13500000000
2130: 13589544960
2131: 13604889600
2132: 13668750000
2133: 13759414272
2134: 13774950720
2135: 13824000000
2136: 13839609375
2137: 13947137604
2138: 13996800000
2139: 14062500000
2140: 14155776000
2141: 14171760000
2142: 14238281250
2143: 14332723200
2144: 14348907000
2145: 14400000000
2146: 14495514624
2147: 14511882240
2148: 14580000000
2149: 14648437500
2150: 14693280768
2151: 14745600000
2152: 14762250000
2153: 14929920000
2154: 14946778125
2155: 15000000000
2156: 15099494400
2157: 15116544000
2158: 15187500000
2159: 15288238080
2160: 15305500800
2161: 15360000000
2162: 15377343750
2163: 15479341056
2164: 15496819560
2165: 15552000000
2166: 15625000000
2167: 15728640000
2168: 15746400000
2169: 15820312500
2170: 15925248000
2171: 15943230000
2172: 16000000000
2173: 16106127360
2174: 16124313600
2175: 16142520375
2176: 16200000000
2177: 16307453952
2178: 16325867520
2179: 16384000000
2180: 16402500000
2181: 16529940864
2182: 16588800000
2183: 16607531250
2184: 16777216000
2185: 16796160000
2186: 16875000000
2187: 16986931200
2188: 17006112000
2189: 17085937500
2190: 17179869184
2191: 17199267840
2192: 17218688400
2193: 17280000000
2194: 17414258688
2195: 17433922005
2196: 17496000000
2197: 17578125000
2198: 17694720000
2199: 17714700000
2200: 17915904000
2201: 17936133750
2202: 18000000000
2203: 18119393280
2204: 18139852800
2205: 18225000000
2206: 18310546875
2207: 18345885696
2208: 18366600960
2209: 18432000000
2210: 18452812500
2211: 18596183472
2212: 18662400000
2213: 18750000000
2214: 18874368000
2215: 18895680000
2216: 18984375000
2217: 19110297600
2218: 19131876000
2219: 19200000000
2220: 19327352832
2221: 19349176320
2222: 19371024450
2223: 19440000000
2224: 19531250000
2225: 19591041024
2226: 19660800000
2227: 19683000000
2228: 19775390625
2229: 19906560000
2230: 19929037500
2231: 20000000000
2232: 20132659200
2233: 20155392000
2234: 20250000000
2235: 20384317440
2236: 20407334400
2237: 20480000000
2238: 20503125000
2239: 20639121408
2240: 20662426080
2241: 20736000000
2242: 20920706406
2243: 20971520000
2244: 20995200000
2245: 21093750000
2246: 21233664000
2247: 21257640000
2248: 21357421875
2249: 21474836480
2250: 21499084800
2251: 21523360500
2252: 21600000000
2253: 21743271936
2254: 21767823360
2255: 21870000000
2256: 21972656250
2257: 22039921152
2258: 22118400000
2259: 22143375000
2260: 22394880000
2261: 22500000000
2262: 22649241600
2263: 22674816000
2264: 22781250000
2265: 22932357120
2266: 22958251200
2267: 23040000000
2268: 23066015625
2269: 23219011584
2270: 23245229340
2271: 23328000000
2272: 23437500000
2273: 23592960000
2274: 23619600000
2275: 23730468750
2276: 23887872000
2277: 23914845000
2278: 24000000000
2279: 24159191040
2280: 24186470400
2281: 24300000000
2282: 24414062500
2283: 24461180928
2284: 24488801280
2285: 24576000000
2286: 24603750000
2287: 24794911296
2288: 24883200000
2289: 24911296875
2290: 25000000000
2291: 25165824000
2292: 25194240000
2293: 25312500000
2294: 25480396800
2295: 25509168000
2296: 25600000000
2297: 25628906250
2298: 25769803776
2299: 25798901760
2300: 25828032600
2301: 25920000000
2302: 26121388032
2303: 26214400000
2304: 26244000000
2305: 26367187500
2306: 26542080000
2307: 26572050000
2308: 26843545600
2309: 26873856000
2310: 26904200625
2311: 27000000000
2312: 27179089920
2313: 27209779200
2314: 27337500000
2315: 27518828544
2316: 27549901440
2317: 27648000000
2318: 27679218750
2319: 27894275208
2320: 27993600000
2321: 28125000000
2322: 28311552000
2323: 28343520000
2324: 28476562500
2325: 28665446400
2326: 28697814000
2327: 28800000000
2328: 28991029248
2329: 29023764480
2330: 29056536675
2331: 29160000000
2332: 29296875000
2333: 29386561536
2334: 29491200000
2335: 29524500000
2336: 29859840000
2337: 29893556250
2338: 30000000000
2339: 30198988800
2340: 30233088000
2341: 30375000000
2342: 30517578125
2343: 30576476160
2344: 30611001600
2345: 30720000000
2346: 30754687500
2347: 30958682112
2348: 30993639120
2349: 31104000000
2350: 31250000000
2351: 31381059609
2352: 31457280000
2353: 31492800000
2354: 31640625000
2355: 31850496000
2356: 31886460000
2357: 32000000000
2358: 32212254720
2359: 32248627200
2360: 32285040750
2361: 32400000000
2362: 32614907904
2363: 32651735040
2364: 32768000000
2365: 32805000000
2366: 32958984375
2367: 33059881728
2368: 33177600000
2369: 33215062500
2370: 33554432000
2371: 33592320000
2372: 33750000000
2373: 33973862400
2374: 34012224000
2375: 34171875000
2376: 34359738368
2377: 34398535680
2378: 34437376800
2379: 34560000000
2380: 34828517376
2381: 34867844010
2382: 34992000000
2383: 35156250000
2384: 35389440000
2385: 35429400000
2386: 35595703125
2387: 35831808000
2388: 35872267500
2389: 36000000000
2390: 36238786560
2391: 36279705600
2392: 36450000000
2393: 36621093750
2394: 36691771392
2395: 36733201920
2396: 36864000000
2397: 36905625000
2398: 37192366944
2399: 37324800000
2400: 37500000000
2401: 37748736000
2402: 37791360000
2403: 37968750000
2404: 38220595200
2405: 38263752000
2406: 38400000000
2407: 38443359375
2408: 38654705664
2409: 38698352640
2410: 38742048900
2411: 38880000000
2412: 39062500000
2413: 39182082048
2414: 39321600000
2415: 39366000000
2416: 39550781250
2417: 39813120000
2418: 39858075000
2419: 40000000000
2420: 40265318400
2421: 40310784000
2422: 40500000000
2423: 40768634880
2424: 40814668800
2425: 40960000000
2426: 41006250000
2427: 41278242816
2428: 41324852160
2429: 41472000000
2430: 41518828125
2431: 41841412812
2432: 41943040000
2433: 41990400000
2434: 42187500000
2435: 42467328000
2436: 42515280000
2437: 42714843750
2438: 42949672960
2439: 42998169600
2440: 43046721000
2441: 43200000000
2442: 43486543872
2443: 43535646720
2444: 43740000000
2445: 43945312500
2446: 44079842304
2447: 44236800000
2448: 44286750000
2449: 44789760000
2450: 44840334375
2451: 45000000000
2452: 45298483200
2453: 45349632000
2454: 45562500000
2455: 45864714240
2456: 45916502400
2457: 46080000000
2458: 46132031250
2459: 46438023168
2460: 46490458680
2461: 46656000000
2462: 46875000000
2463: 47185920000
2464: 47239200000
2465: 47460937500
2466: 47775744000
2467: 47829690000
2468: 48000000000
2469: 48318382080
2470: 48372940800
2471: 48427561125
2472: 48600000000
2473: 48828125000
2474: 48922361856
2475: 48977602560
2476: 49152000000
2477: 49207500000
2478: 49589822592
2479: 49766400000
2480: 49822593750
2481: 50000000000
2482: 50331648000
2483: 50388480000
2484: 50625000000
2485: 50960793600
2486: 51018336000
2487: 51200000000
2488: 51257812500
2489: 51539607552
2490: 51597803520
2491: 51656065200
2492: 51840000000
2493: 52242776064
2494: 52301766015
2495: 52428800000
2496: 52488000000
2497: 52734375000
2498: 53084160000
2499: 53144100000
2500: 53687091200
2501: 53747712000
2502: 53808401250
2503: 54000000000
2504: 54358179840
2505: 54419558400
2506: 54675000000
2507: 54931640625
2508: 55037657088
2509: 55099802880
2510: 55296000000
2511: 55358437500
2512: 55788550416
2513: 55987200000
2514: 56250000000
2515: 56623104000
2516: 56687040000
2517: 56953125000
2518: 57330892800
2519: 57395628000
2520: 57600000000
2521: 57982058496
2522: 58047528960
2523: 58113073350
2524: 58320000000
2525: 58593750000
2526: 58773123072
2527: 58982400000
2528: 59049000000
2529: 59326171875
2530: 59719680000
2531: 59787112500
2532: 60000000000
2533: 60397977600
2534: 60466176000
2535: 60750000000
2536: 61035156250
2537: 61152952320
2538: 61222003200
2539: 61440000000
2540: 61509375000
2541: 61917364224
2542: 61987278240
2543: 62208000000
2544: 62500000000
2545: 62762119218
2546: 62914560000
2547: 62985600000
2548: 63281250000
2549: 63700992000
2550: 63772920000
2551: 64000000000
2552: 64072265625
2553: 64424509440
2554: 64497254400
2555: 64570081500
2556: 64800000000
2557: 65229815808
2558: 65303470080
2559: 65536000000
2560: 65610000000
2561: 65917968750
2562: 66119763456
2563: 66355200000
2564: 66430125000
2565: 67108864000
2566: 67184640000
2567: 67500000000
2568: 67947724800
2569: 68024448000
2570: 68343750000
2571: 68719476736
2572: 68797071360
2573: 68874753600
2574: 69120000000
2575: 69198046875
2576: 69657034752
2577: 69735688020
2578: 69984000000
2579: 70312500000
2580: 70778880000
2581: 70858800000
2582: 71191406250
2583: 71663616000
2584: 71744535000
2585: 72000000000
2586: 72477573120
2587: 72559411200
2588: 72900000000
2589: 73242187500
2590: 73383542784
2591: 73466403840
2592: 73728000000
2593: 73811250000
2594: 74384733888
2595: 74649600000
2596: 74733890625
2597: 75000000000
2598: 75497472000
2599: 75582720000
2600: 75937500000
2601: 76441190400
2602: 76527504000
2603: 76800000000
2604: 76886718750
2605: 77309411328
2606: 77396705280
2607: 77484097800
2608: 77760000000
2609: 78125000000
2610: 78364164096
2611: 78643200000
2612: 78732000000
2613: 79101562500
2614: 79626240000
2615: 79716150000
2616: 80000000000
2617: 80530636800
2618: 80621568000
2619: 80712601875
2620: 81000000000
2621: 81537269760
2622: 81629337600
2623: 81920000000
2624: 82012500000
2625: 82556485632
2626: 82649704320
2627: 82944000000
2628: 83037656250
2629: 83682825624
2630: 83886080000
2631: 83980800000
2632: 84375000000
2633: 84934656000
2634: 85030560000
2635: 85429687500
2636: 85899345920
2637: 85996339200
2638: 86093442000
2639: 86400000000
2640: 86973087744
2641: 87071293440
2642: 87169610025
2643: 87480000000
2644: 87890625000
2645: 88159684608
2646: 88473600000
2647: 88573500000
2648: 89579520000
2649: 89680668750
2650: 90000000000
2651: 90596966400
2652: 90699264000
2653: 91125000000
2654: 91552734375
2655: 91729428480
2656: 91833004800
2657: 92160000000
2658: 92264062500
2659: 92876046336
2660: 92980917360
2661: 93312000000
2662: 93750000000
2663: 94143178827
2664: 94371840000
2665: 94478400000
2666: 94921875000
2667: 95551488000
2668: 95659380000
2669: 96000000000
2670: 96636764160
2671: 96745881600
2672: 96855122250
2673: 97200000000
2674: 97656250000
2675: 97844723712
2676: 97955205120
2677: 98304000000
2678: 98415000000
2679: 98876953125
2680: 99179645184
2681: 99532800000
2682: 99645187500
2683: 100000000000
2684: 100663296000
2685: 100776960000
2686: 101250000000
2687: 101921587200
2688: 102036672000
2689: 102400000000
2690: 102515625000
2691: 103079215104
2692: 103195607040
2693: 103312130400
2694: 103680000000
2695: 104485552128
2696: 104603532030
2697: 104857600000
2698: 104976000000
2699: 105468750000
2700: 106168320000
2701: 106288200000
2702: 106787109375
2703: 107374182400
2704: 107495424000
2705: 107616802500
2706: 108000000000
2707: 108716359680
2708: 108839116800
2709: 109350000000
2710: 109863281250
2711: 110075314176
2712: 110199605760
2713: 110592000000
2714: 110716875000
2715: 111577100832
2716: 111974400000
2717: 112500000000
2718: 113246208000
2719: 113374080000
2720: 113906250000
2721: 114661785600
2722: 114791256000
2723: 115200000000
2724: 115330078125
2725: 115964116992
2726: 116095057920
2727: 116226146700
2728: 116640000000
2729: 117187500000
2730: 117546246144
2731: 117964800000
2732: 118098000000
2733: 118652343750
2734: 119439360000
2735: 119574225000
2736: 120000000000
2737: 120795955200
2738: 120932352000
2739: 121500000000
2740: 122070312500
2741: 122305904640
2742: 122444006400
2743: 122880000000
2744: 123018750000
2745: 123834728448
2746: 123974556480
2747: 124416000000
2748: 124556484375
2749: 125000000000
2750: 125524238436
2751: 125829120000
2752: 125971200000
2753: 126562500000
2754: 127401984000
2755: 127545840000
2756: 128000000000
2757: 128144531250
2758: 128849018880
2759: 128994508800
2760: 129140163000
2761: 129600000000
2762: 130459631616
2763: 130606940160
2764: 131072000000
2765: 131220000000
2766: 131835937500
2767: 132239526912
2768: 132710400000
2769: 132860250000
2770: 134217728000
2771: 134369280000
2772: 134521003125
2773: 135000000000
2774: 135895449600
2775: 136048896000
2776: 136687500000
2777: 137438953472
2778: 137594142720
2779: 137749507200
2780: 138240000000
2781: 138396093750
2782: 139314069504
2783: 139471376040
2784: 139968000000
2785: 140625000000
2786: 141557760000
2787: 141717600000
2788: 142382812500
2789: 143327232000
2790: 143489070000
2791: 144000000000
2792: 144955146240
2793: 145118822400
2794: 145282683375
2795: 145800000000
2796: 146484375000
2797: 146767085568
2798: 146932807680
2799: 147456000000
2800: 147622500000
2801: 148769467776
2802: 149299200000
2803: 149467781250
2804: 150000000000
2805: 150994944000
2806: 151165440000
2807: 151875000000
2808: 152587890625
2809: 152882380800
2810: 153055008000
2811: 153600000000
2812: 153773437500
2813: 154618822656
2814: 154793410560
2815: 154968195600
2816: 155520000000
2817: 156250000000
2818: 156728328192
2819: 156905298045
2820: 157286400000
2821: 157464000000
2822: 158203125000
2823: 159252480000
2824: 159432300000
2825: 160000000000
2826: 161061273600
2827: 161243136000
2828: 161425203750
2829: 162000000000
2830: 163074539520
2831: 163258675200
2832: 163840000000
2833: 164025000000
2834: 164794921875
2835: 165112971264
2836: 165299408640
2837: 165888000000
2838: 166075312500
2839: 167365651248
2840: 167772160000
2841: 167961600000
2842: 168750000000
2843: 169869312000
2844: 170061120000
2845: 170859375000
2846: 171798691840
2847: 171992678400
2848: 172186884000
2849: 172800000000
2850: 173946175488
2851: 174142586880
2852: 174339220050
2853: 174960000000
2854: 175781250000
2855: 176319369216
2856: 176947200000
2857: 177147000000
2858: 177978515625
2859: 179159040000
2860: 179361337500
2861: 180000000000
2862: 181193932800
2863: 181398528000
2864: 182250000000
2865: 183105468750
2866: 183458856960
2867: 183666009600
2868: 184320000000
2869: 184528125000
2870: 185752092672
2871: 185961834720
2872: 186624000000
2873: 187500000000
2874: 188286357654
2875: 188743680000
2876: 188956800000
2877: 189843750000
2878: 191102976000
2879: 191318760000
2880: 192000000000
2881: 192216796875
2882: 193273528320
2883: 193491763200
2884: 193710244500
2885: 194400000000
2886: 195312500000
2887: 195689447424
2888: 195910410240
2889: 196608000000
2890: 196830000000
2891: 197753906250
2892: 198359290368
2893: 199065600000
2894: 199290375000
2895: 200000000000
2896: 201326592000
2897: 201553920000
2898: 202500000000
2899: 203843174400
2900: 204073344000
2901: 204800000000
2902: 205031250000
2903: 206158430208
2904: 206391214080
2905: 206624260800
2906: 207360000000
2907: 207594140625
2908: 208971104256
2909: 209207064060
2910: 209715200000
2911: 209952000000
2912: 210937500000
2913: 212336640000
2914: 212576400000
2915: 213574218750
2916: 214748364800
2917: 214990848000
2918: 215233605000
2919: 216000000000
2920: 217432719360
2921: 217678233600
2922: 218700000000
2923: 219726562500
2924: 220150628352
2925: 220399211520
2926: 221184000000
2927: 221433750000
2928: 223154201664
2929: 223948800000
2930: 224201671875
2931: 225000000000
2932: 226492416000
2933: 226748160000
2934: 227812500000
2935: 229323571200
2936: 229582512000
2937: 230400000000
2938: 230660156250
2939: 231928233984
2940: 232190115840
2941: 232452293400
2942: 233280000000
2943: 234375000000
2944: 235092492288
2945: 235929600000
2946: 236196000000
2947: 237304687500
2948: 238878720000
2949: 239148450000
2950: 240000000000
2951: 241591910400
2952: 241864704000
2953: 242137805625
2954: 243000000000
2955: 244140625000
2956: 244611809280
2957: 244888012800
2958: 245760000000
2959: 246037500000
2960: 247669456896
2961: 247949112960
2962: 248832000000
2963: 249112968750
2964: 250000000000
2965: 251048476872
2966: 251658240000
2967: 251942400000
2968: 253125000000
2969: 254803968000
2970: 255091680000
2971: 256000000000
2972: 256289062500
2973: 257698037760
2974: 257989017600
2975: 258280326000
2976: 259200000000
2977: 260919263232
2978: 261213880320
2979: 261508830075
2980: 262144000000
2981: 262440000000
2982: 263671875000
2983: 264479053824
2984: 265420800000
2985: 265720500000
2986: 268435456000
2987: 268738560000
2988: 269042006250
2989: 270000000000
2990: 271790899200
2991: 272097792000
2992: 273375000000
2993: 274658203125
2994: 274877906944
2995: 275188285440
2996: 275499014400
2997: 276480000000
2998: 276792187500
2999: 278628139008
3000: 278942752080
3001: 279936000000
3002: 281250000000
3003: 282429536481
3004: 283115520000
3005: 283435200000
3006: 284765625000
3007: 286654464000
3008: 286978140000
3009: 288000000000
3010: 289910292480
3011: 290237644800
3012: 290565366750
3013: 291600000000
3014: 292968750000
3015: 293534171136
3016: 293865615360
3017: 294912000000
3018: 295245000000
3019: 296630859375
3020: 297538935552
3021: 298598400000
3022: 298935562500
3023: 300000000000
3024: 301989888000
3025: 302330880000
3026: 303750000000
3027: 305175781250
3028: 305764761600
3029: 306110016000
3030: 307200000000
3031: 307546875000
3032: 309237645312
3033: 309586821120
3034: 309936391200
3035: 311040000000
3036: 312500000000
3037: 313456656384
3038: 313810596090
3039: 314572800000
3040: 314928000000
3041: 316406250000
3042: 318504960000
3043: 318864600000
3044: 320000000000
3045: 320361328125
3046: 322122547200
3047: 322486272000
3048: 322850407500
3049: 324000000000
3050: 326149079040
3051: 326517350400
3052: 327680000000
3053: 328050000000
3054: 329589843750
3055: 330225942528
3056: 330598817280
3057: 331776000000
3058: 332150625000
3059: 334731302496
3060: 335544320000
3061: 335923200000
3062: 337500000000
3063: 339738624000
3064: 340122240000
3065: 341718750000
3066: 343597383680
3067: 343985356800
3068: 344373768000
3069: 345600000000
3070: 345990234375
3071: 347892350976
3072: 348285173760
3073: 348678440100
3074: 349920000000
3075: 351562500000
3076: 352638738432
3077: 353894400000
3078: 354294000000
3079: 355957031250
3080: 358318080000
3081: 358722675000
3082: 360000000000
3083: 362387865600
3084: 362797056000
3085: 364500000000
3086: 366210937500
3087: 366917713920
3088: 367332019200
3089: 368640000000
3090: 369056250000
3091: 371504185344
3092: 371923669440
3093: 373248000000
3094: 373669453125
3095: 375000000000
3096: 376572715308
3097: 377487360000
3098: 377913600000
3099: 379687500000
3100: 382205952000
3101: 382637520000
3102: 384000000000
3103: 384433593750
3104: 386547056640
3105: 386983526400
3106: 387420489000
3107: 388800000000
3108: 390625000000
3109: 391378894848
3110: 391820820480
3111: 393216000000
3112: 393660000000
3113: 395507812500
3114: 396718580736
3115: 398131200000
3116: 398580750000
3117: 400000000000
3118: 402653184000
3119: 403107840000
3120: 403563009375
3121: 405000000000
3122: 407686348800
3123: 408146688000
3124: 409600000000
3125: 410062500000
3126: 412316860416
3127: 412782428160
3128: 413248521600
3129: 414720000000
3130: 415188281250
3131: 417942208512
3132: 418414128120
3133: 419430400000
3134: 419904000000
3135: 421875000000
3136: 424673280000
3137: 425152800000
3138: 427148437500
3139: 429496729600
3140: 429981696000
3141: 430467210000
3142: 432000000000
3143: 434865438720
3144: 435356467200
3145: 435848050125
3146: 437400000000
3147: 439453125000
3148: 440301256704
3149: 440798423040
3150: 442368000000
3151: 442867500000
3152: 446308403328
3153: 447897600000
3154: 448403343750
3155: 450000000000
3156: 452984832000
3157: 453496320000
3158: 455625000000
3159: 457763671875
3160: 458647142400
3161: 459165024000
3162: 460800000000
3163: 461320312500
3164: 463856467968
3165: 464380231680
3166: 464904586800
3167: 466560000000
3168: 468750000000
3169: 470184984576
3170: 470715894135
3171: 471859200000
3172: 472392000000
3173: 474609375000
3174: 477757440000
3175: 478296900000
3176: 480000000000
3177: 483183820800
3178: 483729408000
3179: 484275611250
3180: 486000000000
3181: 488281250000
3182: 489223618560
3183: 489776025600
3184: 491520000000
3185: 492075000000
3186: 494384765625
3187: 495338913792
3188: 495898225920
3189: 497664000000
3190: 498225937500
3191: 500000000000
3192: 502096953744
3193: 503316480000
3194: 503884800000
3195: 506250000000
3196: 509607936000
3197: 510183360000
3198: 512000000000
3199: 512578125000
3200: 515396075520
3201: 515978035200
3202: 516560652000
3203: 518400000000
3204: 521838526464
3205: 522427760640
3206: 523017660150
3207: 524288000000
3208: 524880000000
3209: 527343750000
3210: 528958107648
3211: 530841600000
3212: 531441000000
3213: 533935546875
3214: 536870912000
3215: 537477120000
3216: 538084012500
3217: 540000000000
3218: 543581798400
3219: 544195584000
3220: 546750000000
3221: 549316406250
3222: 550376570880
3223: 550998028800
3224: 552960000000
3225: 553584375000
3226: 557256278016
3227: 557885504160
3228: 559872000000
3229: 562500000000
3230: 564859072962
3231: 566231040000
3232: 566870400000
3233: 569531250000
3234: 573308928000
3235: 573956280000
3236: 576000000000
3237: 576650390625
3238: 579820584960
3239: 580475289600
3240: 581130733500
3241: 583200000000
3242: 585937500000
3243: 587068342272
3244: 587731230720
3245: 589824000000
3246: 590490000000
3247: 593261718750
3248: 595077871104
3249: 597196800000
3250: 597871125000
3251: 600000000000
3252: 603979776000
3253: 604661760000
3254: 607500000000
3255: 610351562500
3256: 611529523200
3257: 612220032000
3258: 614400000000
3259: 615093750000
3260: 618475290624
3261: 619173642240
3262: 619872782400
3263: 622080000000
3264: 622782421875
3265: 625000000000
3266: 626913312768
3267: 627621192180
3268: 629145600000
3269: 629856000000
3270: 632812500000
3271: 637009920000
3272: 637729200000
3273: 640000000000
3274: 640722656250
3275: 644245094400
3276: 644972544000
3277: 645700815000
3278: 648000000000
3279: 652298158080
3280: 653034700800
3281: 655360000000
3282: 656100000000
3283: 659179687500
3284: 660451885056
3285: 661197634560
3286: 663552000000
3287: 664301250000
3288: 669462604992
3289: 671088640000
3290: 671846400000
3291: 672605015625
3292: 675000000000
3293: 679477248000
3294: 680244480000
3295: 683437500000
3296: 687194767360
3297: 687970713600
3298: 688747536000
3299: 691200000000
3300: 691980468750
3301: 695784701952
3302: 696570347520
3303: 697356880200
3304: 699840000000
3305: 703125000000
3306: 705277476864
3307: 707788800000
3308: 708588000000
3309: 711914062500
3310: 716636160000
3311: 717445350000
3312: 720000000000
3313: 724775731200
3314: 725594112000
3315: 726413416875
3316: 729000000000
3317: 732421875000
3318: 733835427840
3319: 734664038400
3320: 737280000000
3321: 738112500000
3322: 743008370688
3323: 743847338880
3324: 746496000000
3325: 747338906250
3326: 750000000000
3327: 753145430616
3328: 754974720000
3329: 755827200000
3330: 759375000000
3331: 762939453125
3332: 764411904000
3333: 765275040000
3334: 768000000000
3335: 768867187500
3336: 773094113280
3337: 773967052800
3338: 774840978000
3339: 777600000000
3340: 781250000000
3341: 782757789696
3342: 783641640960
3343: 784526490225
3344: 786432000000
3345: 787320000000
3346: 791015625000
3347: 793437161472
3348: 796262400000
3349: 797161500000
3350: 800000000000
3351: 805306368000
3352: 806215680000
3353: 807126018750
3354: 810000000000
3355: 815372697600
3356: 816293376000
3357: 819200000000
3358: 820125000000
3359: 823974609375
3360: 825564856320
3361: 826497043200
3362: 829440000000
3363: 830376562500
3364: 835884417024
3365: 836828256240
3366: 838860800000
3367: 839808000000
3368: 843750000000
3369: 847288609443
3370: 849346560000
3371: 850305600000
3372: 854296875000
3373: 858993459200
3374: 859963392000
3375: 860934420000
3376: 864000000000
3377: 869730877440
3378: 870712934400
3379: 871696100250
3380: 874800000000
3381: 878906250000
3382: 880602513408
3383: 881596846080
3384: 884736000000
3385: 885735000000
3386: 889892578125
3387: 892616806656
3388: 895795200000
3389: 896806687500
3390: 900000000000
3391: 905969664000
3392: 906992640000
3393: 911250000000
3394: 915527343750
3395: 917294284800
3396: 918330048000
3397: 921600000000
3398: 922640625000
3399: 927712935936
3400: 928760463360
3401: 929809173600
3402: 933120000000
3403: 937500000000
3404: 940369969152
3405: 941431788270
3406: 943718400000
3407: 944784000000
3408: 949218750000
3409: 955514880000
3410: 956593800000
3411: 960000000000
3412: 961083984375
3413: 966367641600
3414: 967458816000
3415: 968551222500
3416: 972000000000
3417: 976562500000
3418: 978447237120
3419: 979552051200
3420: 983040000000
3421: 984150000000
3422: 988769531250
3423: 990677827584
3424: 991796451840
3425: 995328000000
3426: 996451875000
3427: 1000000000000
3428: 1004193907488
3429: 1006632960000
3430: 1007769600000
3431: 1012500000000
3432: 1019215872000
3433: 1020366720000
3434: 1024000000000
3435: 1025156250000
3436: 1030792151040
3437: 1031956070400
3438: 1033121304000
3439: 1036800000000
3440: 1037970703125
3441: 1043677052928
3442: 1044855521280
3443: 1046035320300
3444: 1048576000000
3445: 1049760000000
3446: 1054687500000
3447: 1057916215296
3448: 1061683200000
3449: 1062882000000
3450: 1067871093750
3451: 1073741824000
3452: 1074954240000
3453: 1076168025000
3454: 1080000000000
3455: 1087163596800
3456: 1088391168000
3457: 1093500000000
3458: 1098632812500
3459: 1100753141760
3460: 1101996057600
3461: 1105920000000
3462: 1107168750000
3463: 1114512556032
3464: 1115771008320
3465: 1119744000000
3466: 1121008359375
3467: 1125000000000
3468: 1129718145924
3469: 1132462080000
3470: 1133740800000
3471: 1139062500000
3472: 1146617856000
3473: 1147912560000
3474: 1152000000000
3475: 1153300781250
3476: 1159641169920
3477: 1160950579200
3478: 1162261467000
3479: 1166400000000
3480: 1171875000000
3481: 1174136684544
3482: 1175462461440
3483: 1179648000000
3484: 1180980000000
3485: 1186523437500
3486: 1190155742208
3487: 1194393600000
3488: 1195742250000
3489: 1200000000000
3490: 1207959552000
3491: 1209323520000
3492: 1210689028125
3493: 1215000000000
3494: 1220703125000
3495: 1223059046400
3496: 1224440064000
3497: 1228800000000
3498: 1230187500000
3499: 1238347284480
3500: 1239745564800
3501: 1244160000000
3502: 1245564843750
3503: 1250000000000
3504: 1253826625536
3505: 1255242384360
3506: 1258291200000
3507: 1259712000000
3508: 1265625000000
3509: 1274019840000
3510: 1275458400000
3511: 1280000000000
3512: 1281445312500
3513: 1288490188800
3514: 1289945088000
3515: 1291401630000
3516: 1296000000000
3517: 1304596316160
3518: 1306069401600
3519: 1307544150375
3520: 1310720000000
3521: 1312200000000
3522: 1318359375000
3523: 1320903770112
3524: 1322395269120
3525: 1327104000000
3526: 1328602500000
3527: 1338925209984
3528: 1342177280000
3529: 1343692800000
3530: 1345210031250
3531: 1350000000000
3532: 1358954496000
3533: 1360488960000
3534: 1366875000000
3535: 1373291015625
3536: 1375941427200
3537: 1377495072000
3538: 1382400000000
3539: 1383960937500
3540: 1391569403904
3541: 1393140695040
3542: 1394713760400
3543: 1399680000000
3544: 1406250000000
3545: 1410554953728
3546: 1412147682405
3547: 1415577600000
3548: 1417176000000
3549: 1423828125000
3550: 1433272320000
3551: 1434890700000
3552: 1440000000000
3553: 1449551462400
3554: 1451188224000
3555: 1452826833750
3556: 1458000000000
3557: 1464843750000
3558: 1467670855680
3559: 1469328076800
3560: 1474560000000
3561: 1476225000000
3562: 1483154296875
3563: 1486016741376
3564: 1487694677760
3565: 1492992000000
3566: 1494677812500
3567: 1500000000000
3568: 1506290861232
3569: 1509949440000
3570: 1511654400000
3571: 1518750000000
3572: 1525878906250
3573: 1528823808000
3574: 1530550080000
3575: 1536000000000
3576: 1537734375000
3577: 1546188226560
3578: 1547934105600
3579: 1549681956000
3580: 1555200000000
3581: 1562500000000
3582: 1565515579392
3583: 1567283281920
3584: 1569052980450
3585: 1572864000000
3586: 1574640000000
3587: 1582031250000
3588: 1586874322944
3589: 1592524800000
3590: 1594323000000
3591: 1600000000000
3592: 1601806640625
3593: 1610612736000
3594: 1612431360000
3595: 1614252037500
3596: 1620000000000
3597: 1630745395200
3598: 1632586752000
3599: 1638400000000
3600: 1640250000000
3601: 1647949218750
3602: 1651129712640
3603: 1652994086400
3604: 1658880000000
3605: 1660753125000
3606: 1671768834048
3607: 1673656512480
3608: 1677721600000
3609: 1679616000000
3610: 1687500000000
3611: 1694577218886
3612: 1698693120000
3613: 1700611200000
3614: 1708593750000
3615: 1717986918400
3616: 1719926784000
3617: 1721868840000
3618: 1728000000000
3619: 1729951171875
3620: 1739461754880
3621: 1741425868800
3622: 1743392200500
3623: 1749600000000
3624: 1757812500000
3625: 1761205026816
3626: 1763193692160
3627: 1769472000000
3628: 1771470000000
3629: 1779785156250
3630: 1785233613312
3631: 1791590400000
3632: 1793613375000
3633: 1800000000000
3634: 1811939328000
3635: 1813985280000
3636: 1822500000000
3637: 1831054687500
3638: 1834588569600
3639: 1836660096000
3640: 1843200000000
3641: 1845281250000
3642: 1857520926720
3643: 1859618347200
3644: 1866240000000
3645: 1868347265625
3646: 1875000000000
3647: 1880739938304
3648: 1882863576540
3649: 1887436800000
3650: 1889568000000
3651: 1898437500000
3652: 1911029760000
3653: 1913187600000
3654: 1920000000000
3655: 1922167968750
3656: 1932735283200
3657: 1934917632000
3658: 1937102445000
3659: 1944000000000
3660: 1953125000000
3661: 1956894474240
3662: 1959104102400
3663: 1966080000000
3664: 1968300000000
3665: 1977539062500
3666: 1981355655168
3667: 1983592903680
3668: 1990656000000
3669: 1992903750000
3670: 2000000000000
3671: 2008387814976
3672: 2013265920000
3673: 2015539200000
3674: 2017815046875
3675: 2025000000000
3676: 2038431744000
3677: 2040733440000
3678: 2048000000000
3679: 2050312500000
3680: 2063912140800
3681: 2066242608000
3682: 2073600000000
3683: 2075941406250
3684: 2087354105856
3685: 2089711042560
3686: 2092070640600
3687: 2097152000000
3688: 2099520000000
3689: 2109375000000
3690: 2115832430592
3691: 2123366400000
3692: 2125764000000
3693: 2135742187500
3694: 2147483648000
3695: 2149908480000
3696: 2152336050000
3697: 2160000000000
3698: 2174327193600
3699: 2176782336000
3700: 2179240250625
3701: 2187000000000
3702: 2197265625000
3703: 2201506283520
3704: 2203992115200
3705: 2211840000000
3706: 2214337500000
3707: 2229025112064
[...]
9347: 186264514923095703125
9348: 187711715698242187500
9349: 189170160644531250000
9350: 190734863281250000000
9351: 191534787652587890625
9352: 192216796875000000000
9353: 193119049072265625000
9354: 194619506835937500000
9355: 195312500000000000000
9356: 197052250671386718750
9357: 197753906250000000000
9358: 200225830078125000000
9359: 201165676116943359375
9360: 202728652954101562500
9361: 205993652343750000000
9362: 206857570664794921875
9363: 208568572998046875000
9364: 210189067382812500000
9365: 212816430725097656250
9366: 213574218750000000000
9367: 214576721191406250000
9368: 216243896484375000000
9369: 217258930206298828125
9370: 218946945190429687500
9371: 219726562500000000000
9372: 222473144531250000000
9373: 223517417907714843750
9374: 225254058837890625000
9375: 228881835937500000000
9376: 229841745183105468750
9377: 231742858886718750000
9378: 233543408203125000000
9379: 234639644622802734375
9380: 236462700805664062500
9381: 237304687500000000000
9382: 238418579101562500000
9383: 240270996093750000000
9384: 241398811340332031250
9385: 243274383544921875000
9386: 244140625000000000000
9387: 247192382812500000000
9388: 250282287597656250000
9389: 253410816192626953125
9390: 255379716870117187500
9391: 257492065429687500000
9392: 259492675781250000000
9393: 260710716247558593750
9394: 262736334228515625000
9395: 263671875000000000000
9396: 266967773437500000000
9397: 268220901489257812500
9398: 270304870605468750000
9399: 273683681488037109375
9400: 274658203125000000000
9401: 278091430664062500000
9402: 281567573547363281250
9403: 283755240966796875000
9404: 286102294921875000000
9405: 288325195312500000000
9406: 289678573608398437500
9407: 291929260253906250000
9408: 292968750000000000000
9409: 295578376007080078125
9410: 296630859375000000000
9411: 298023223876953125000
9412: 300338745117187500000
9413: 304092979431152343750
9414: 305175781250000000000
9415: 308990478515625000000
9416: 312852859497070312500
9417: 315283601074218750000
9418: 319224646087646484375
9419: 320361328125000000000
9420: 321865081787109375000
9421: 324365844726562500000
9422: 328420417785644531250
9423: 329589843750000000000
9424: 333709716796875000000
9425: 335276126861572265625
9426: 337881088256835937500
9427: 343322753906250000000
9428: 344762617774658203125
9429: 347614288330078125000
9430: 350315112304687500000
9431: 354694051208496093750
9432: 355957031250000000000
9433: 357627868652343750000
9434: 360406494140625000000
9435: 362098217010498046875
9436: 364911575317382812500
9437: 366210937500000000000
9438: 370788574218750000000
9439: 372529029846191406250
9440: 375423431396484375000
9441: 381469726562500000000
9442: 383069575305175781250
9443: 386238098144531250000
9444: 389239013671875000000
9445: 391066074371337890625
9446: 394104501342773437500
9447: 395507812500000000000
9448: 400451660156250000000
9449: 402331352233886718750
9450: 405457305908203125000
9451: 411987304687500000000
9452: 417137145996093750000
9453: 422351360321044921875
9454: 425632861450195312500
9455: 429153442382812500000
9456: 432487792968750000000
9457: 434517860412597656250
9458: 437893890380859375000
9459: 439453125000000000000
9460: 444946289062500000000
9461: 447034835815429687500
9462: 450508117675781250000
9463: 456139469146728515625
9464: 457763671875000000000
9465: 463485717773437500000
9466: 469279289245605468750
9467: 472925401611328125000
9468: 476837158203125000000
9469: 480541992187500000000
9470: 482797622680664062500
9471: 486548767089843750000
9472: 488281250000000000000
9473: 492630626678466796875
9474: 494384765625000000000
9475: 500564575195312500000
9476: 506821632385253906250
9477: 514984130859375000000
9478: 521421432495117187500
9479: 525472668457031250000
9480: 532041076812744140625
9481: 533935546875000000000
9482: 536441802978515625000
9483: 540609741210937500000
9484: 547367362976074218750
9485: 549316406250000000000
9486: 556182861328125000000
9487: 558793544769287109375
9488: 563135147094726562500
9489: 572204589843750000000
9490: 574604362957763671875
9491: 579357147216796875000
9492: 583858520507812500000
9493: 591156752014160156250
9494: 593261718750000000000
9495: 596046447753906250000
9496: 600677490234375000000
9497: 603497028350830078125
9498: 608185958862304687500
9499: 610351562500000000000
9500: 617980957031250000000
9501: 625705718994140625000
9502: 638449292175292968750
9503: 643730163574218750000
9504: 648731689453125000000
9505: 651776790618896484375
9506: 656840835571289062500
9507: 659179687500000000000
9508: 667419433593750000000
9509: 670552253723144531250
9510: 675762176513671875000
9511: 686645507812500000000
9512: 695228576660156250000
9513: 703918933868408203125
9514: 709388102416992187500
9515: 715255737304687500000
9516: 720812988281250000000
9517: 724196434020996093750
9518: 729823150634765625000
9519: 732421875000000000000
9520: 741577148437500000000
9521: 745058059692382812500
9522: 750846862792968750000
9523: 760232448577880859375
9524: 762939453125000000000
9525: 772476196289062500000
9526: 782132148742675781250
9527: 788209002685546875000
9528: 800903320312500000000
9529: 804662704467773437500
9530: 810914611816406250000
9531: 821051044464111328125
9532: 823974609375000000000
9533: 834274291992187500000
9534: 844702720642089843750
9535: 858306884765625000000
9536: 869035720825195312500
9537: 875787780761718750000
9538: 886735128021240234375
9539: 889892578125000000000
9540: 894069671630859375000
9541: 901016235351562500000
9542: 912278938293457031250
9543: 915527343750000000000
9544: 926971435546875000000
9545: 931322574615478515625
9546: 938558578491210937500
9547: 953674316406250000000
9548: 957673938262939453125
9549: 965595245361328125000
9550: 973097534179687500000
9551: 985261253356933593750
9552: 988769531250000000000
9553: 1001129150390625000000
9554: 1005828380584716796875
9555: 1013643264770507812500
9556: 1029968261718750000000
9557: 1042842864990234375000
9558: 1064082153625488281250
9559: 1072883605957031250000
9560: 1081219482421875000000
9561: 1086294651031494140625
9562: 1094734725952148437500
9563: 1098632812500000000000
9564: 1112365722656250000000
9565: 1117587089538574218750
9566: 1126270294189453125000
9567: 1144409179687500000000
9568: 1158714294433593750000
9569: 1173198223114013671875
9570: 1182313504028320312500
9571: 1192092895507812500000
9572: 1201354980468750000000
9573: 1206994056701660156250
9574: 1216371917724609375000
9575: 1220703125000000000000
9576: 1235961914062500000000
9577: 1251411437988281250000
9578: 1267054080963134765625
9579: 1287460327148437500000
9580: 1303553581237792968750
9581: 1313681671142578125000
9582: 1334838867187500000000
9583: 1341104507446289062500
9584: 1351524353027343750000
9585: 1368418407440185546875
9586: 1373291015625000000000
9587: 1390457153320312500000
9588: 1407837867736816406250
9589: 1430511474609375000000
9590: 1448392868041992187500
9591: 1459646301269531250000
9592: 1477891880035400390625
9593: 1483154296875000000000
9594: 1490116119384765625000
9595: 1501693725585937500000
9596: 1520464897155761718750
9597: 1525878906250000000000
9598: 1544952392578125000000
9599: 1564264297485351562500
9600: 1596123230438232421875
9601: 1609325408935546875000
9602: 1621829223632812500000
9603: 1642102088928222656250
9604: 1647949218750000000000
9605: 1668548583984375000000
9606: 1676380634307861328125
9607: 1689405441284179687500
9608: 1716613769531250000000
9609: 1738071441650390625000
9610: 1773470256042480468750
9611: 1788139343261718750000
9612: 1802032470703125000000
9613: 1810491085052490234375
9614: 1824557876586914062500
9615: 1831054687500000000000
9616: 1853942871093750000000
9617: 1862645149230957031250
9618: 1877117156982421875000
9619: 1907348632812500000000
9620: 1931190490722656250000
9621: 1955330371856689453125
9622: 1970522506713867187500
9623: 2002258300781250000000
9624: 2011656761169433593750
9625: 2027286529541015625000
9626: 2059936523437500000000
9627: 2085685729980468750000
9628: 2111756801605224609375
9629: 2145767211914062500000
9630: 2172589302062988281250
9631: 2189469451904296875000
9632: 2224731445312500000000
9633: 2235174179077148437500
9634: 2252540588378906250000
9635: 2280697345733642578125
9636: 2288818359375000000000
9637: 2317428588867187500000
9638: 2346396446228027343750
9639: 2384185791015625000000
9640: 2413988113403320312500
9641: 2432743835449218750000
9642: 2463153133392333984375
9643: 2471923828125000000000
9644: 2502822875976562500000
9645: 2534108161926269531250
9646: 2574920654296875000000
9647: 2607107162475585937500
9648: 2660205384063720703125
9649: 2682209014892578125000
9650: 2703048706054687500000
9651: 2736836814880371093750
9652: 2746582031250000000000
9653: 2780914306640625000000
9654: 2793967723846435546875
9655: 2815675735473632812500
9656: 2861022949218750000000
9657: 2896785736083984375000
9658: 2955783760070800781250
9659: 2980232238769531250000
9660: 3003387451171875000000
9661: 3017485141754150390625
9662: 3040929794311523437500
9663: 3051757812500000000000
9664: 3089904785156250000000
9665: 3128528594970703125000
9666: 3218650817871093750000
9667: 3258883953094482421875
9668: 3284204177856445312500
9669: 3337097167968750000000
9670: 3352761268615722656250
9671: 3378810882568359375000
9672: 3433227539062500000000
9673: 3476142883300781250000
9674: 3519594669342041015625
9675: 3576278686523437500000
9676: 3620982170104980468750
9677: 3649115753173828125000
9678: 3707885742187500000000
9679: 3725290298461914062500
9680: 3754234313964843750000
9681: 3801162242889404296875
9682: 3814697265625000000000
9683: 3862380981445312500000
9684: 3910660743713378906250
9685: 4023313522338867187500
9686: 4054573059082031250000
9687: 4105255222320556640625
9688: 4119873046875000000000
9689: 4171371459960937500000
9690: 4223513603210449218750
9691: 4291534423828125000000
9692: 4345178604125976562500
9693: 4433675640106201171875
9694: 4470348358154296875000
9695: 4505081176757812500000
9696: 4561394691467285156250
9697: 4577636718750000000000
9698: 4634857177734375000000
9699: 4656612873077392578125
9700: 4692792892456054687500
9701: 4768371582031250000000
9702: 4827976226806640625000
9703: 4926306266784667968750
9704: 5005645751953125000000
9705: 5029141902923583984375
9706: 5068216323852539062500
9707: 5149841308593750000000
9708: 5214214324951171875000
9709: 5364418029785156250000
9710: 5431473255157470703125
9711: 5473673629760742187500
9712: 5561828613281250000000
9713: 5587935447692871093750
9714: 5631351470947265625000
9715: 5722045898437500000000
9716: 5793571472167968750000
9717: 5865991115570068359375
9718: 5960464477539062500000
9719: 6034970283508300781250
9720: 6081859588623046875000
9721: 6179809570312500000000
9722: 6257057189941406250000
9723: 6335270404815673828125
9724: 6437301635742187500000
9725: 6517767906188964843750
9726: 6705522537231445312500
9727: 6757621765136718750000
9728: 6842092037200927734375
9729: 6866455078125000000000
9730: 6952285766601562500000
9731: 7039189338684082031250
9732: 7152557373046875000000
9733: 7241964340209960937500
9734: 7389459400177001953125
9735: 7450580596923828125000
9736: 7508468627929687500000
9737: 7602324485778808593750
9738: 7629394531250000000000
9739: 7724761962890625000000
9740: 7821321487426757812500
9741: 8046627044677734375000
9742: 8210510444641113281250
9743: 8342742919921875000000
9744: 8381903171539306640625
9745: 8447027206420898437500
9746: 8583068847656250000000
9747: 8690357208251953125000
9748: 8940696716308593750000
9749: 9052455425262451171875
9750: 9122789382934570312500
9751: 9269714355468750000000
9752: 9313225746154785156250
9753: 9385585784912109375000
9754: 9536743164062500000000
9755: 9655952453613281250000
9756: 9776651859283447265625
9757: 10058283805847167968750
9758: 10136432647705078125000
9759: 10299682617187500000000
9760: 10428428649902343750000
9761: 10558784008026123046875
9762: 10728836059570312500000
9763: 10862946510314941406250
9764: 11175870895385742187500
9765: 11262702941894531250000
9766: 11403486728668212890625
9767: 11444091796875000000000
9768: 11587142944335937500000
9769: 11731982231140136718750
9770: 11920928955078125000000
9771: 12069940567016601562500
9772: 12315765666961669921875
9773: 12514114379882812500000
9774: 12670540809631347656250
9775: 12874603271484375000000
9776: 13035535812377929687500
9777: 13411045074462890625000
9778: 13684184074401855468750
9779: 13904571533203125000000
9780: 13969838619232177734375
9781: 14078378677368164062500
9782: 14305114746093750000000
9783: 14483928680419921875000
9784: 14901161193847656250000
9785: 15087425708770751953125
9786: 15204648971557617187500
9787: 15449523925781250000000
9788: 15642642974853515625000
9789: 16093254089355468750000
9790: 16294419765472412109375
9791: 16763806343078613281250
9792: 16894054412841796875000
9793: 17166137695312500000000
9794: 17380714416503906250000
9795: 17597973346710205078125
9796: 17881393432617187500000
9797: 18104910850524902343750
9798: 18626451492309570312500
9799: 18771171569824218750000
9800: 19005811214447021484375
9801: 19073486328125000000000
9802: 19311904907226562500000
9803: 19553303718566894531250
9804: 20116567611694335937500
9805: 20526276111602783203125
9806: 20856857299804687500000
9807: 21117568016052246093750
9808: 21457672119140625000000
9809: 21725893020629882812500
9810: 22351741790771484375000
9811: 22806973457336425781250
9812: 23174285888671875000000
9813: 23283064365386962890625
9814: 23463964462280273437500
9815: 23841857910156250000000
9816: 24139881134033203125000
9817: 25145709514617919921875
9818: 25341081619262695312500
9819: 25749206542968750000000
9820: 26071071624755859375000
9821: 26822090148925781250000
9822: 27157366275787353515625
9823: 27939677238464355468750
9824: 28156757354736328125000
9825: 28610229492187500000000
9826: 28967857360839843750000
9827: 29329955577850341796875
9828: 29802322387695312500000
9829: 30174851417541503906250
9830: 31285285949707031250000
9831: 31676352024078369140625
9832: 32186508178710937500000
9833: 32588839530944824218750
9834: 33527612686157226562500
9835: 34210460186004638671875
9836: 34761428833007812500000
9837: 35195946693420410156250
9838: 35762786865234375000000
9839: 36209821701049804687500
9840: 37252902984619140625000
9841: 38011622428894042968750
9842: 38623809814453125000000
9843: 39106607437133789062500
9844: 40233135223388671875000
9845: 41909515857696533203125
9846: 42235136032104492187500
9847: 42915344238281250000000
9848: 43451786041259765625000
9849: 44703483581542968750000
9850: 45262277126312255859375
9851: 46566128730773925781250
9852: 46927928924560546875000
9853: 47683715820312500000000
9854: 48279762268066406250000
9855: 48883259296417236328125
9856: 50291419029235839843750
9857: 52142143249511718750000
9858: 52793920040130615234375
9859: 53644180297851562500000
9860: 54314732551574707031250
9861: 55879354476928710937500
9862: 57017433643341064453125
9863: 57935714721679687500000
9864: 58659911155700683593750
9865: 59604644775390625000000
9866: 60349702835083007812500
9867: 63352704048156738281250
9868: 64373016357421875000000
9869: 65177679061889648437500
9870: 67055225372314453125000
9871: 69849193096160888671875
9872: 70391893386840820312500
9873: 71525573730468750000000
9874: 72419643402099609375000
9875: 74505805969238281250000
9876: 75437128543853759765625
9877: 78213214874267578125000
9878: 80466270446777343750000
9879: 81472098827362060546875
9880: 83819031715393066406250
9881: 86903572082519531250000
9882: 87989866733551025390625
9883: 89406967163085937500000
9884: 90524554252624511718750
9885: 93132257461547851562500
9886: 95029056072235107421875
9887: 96559524536132812500000
9888: 97766518592834472656250
9889: 100582838058471679687500
9890: 105587840080261230468750
9891: 107288360595703125000000
9892: 108629465103149414062500
9893: 111758708953857421875000
9894: 116415321826934814453125
9895: 117319822311401367187500
9896: 119209289550781250000000
9897: 120699405670166015625000
9898: 125728547573089599609375
9899: 130355358123779296875000
9900: 134110450744628906250000
9901: 135786831378936767578125
9902: 139698386192321777343750
9903: 144839286804199218750000
9904: 146649777889251708984375
9905: 149011611938476562500000
9906: 150874257087707519531250
9907: 158381760120391845703125
9908: 160932540893554687500000
9909: 162944197654724121093750
9910: 167638063430786132812500
9911: 175979733467102050781250
9912: 178813934326171875000000
9913: 181049108505249023437500
9914: 186264514923095703125000
9915: 195533037185668945312500
9916: 201165676116943359375000
9917: 209547579288482666015625
9918: 217258930206298828125000
9919: 223517417907714843750000
9920: 226311385631561279296875
9921: 232830643653869628906250
9922: 241398811340332031250000
9923: 244416296482086181640625
9924: 251457095146179199218750
9925: 263969600200653076171875
9926: 268220901489257812500000
9927: 271573662757873535156250
9928: 279396772384643554687500
9929: 293299555778503417968750
9930: 298023223876953125000000
9931: 301748514175415039062500
9932: 325888395309448242187500
9933: 335276126861572265625000
9934: 349245965480804443359375
9935: 362098217010498046875000
9936: 372529029846191406250000
9937: 377185642719268798828125
9938: 402331352233886718750000
9939: 407360494136810302734375
9940: 419095158576965332031250
9941: 439949333667755126953125
9942: 447034835815429687500000
9943: 452622771263122558593750
9944: 465661287307739257812500
9945: 488832592964172363281250
9946: 502914190292358398437500
9947: 543147325515747070312500
9948: 558793544769287109375000
9949: 582076609134674072265625
9950: 603497028350830078125000
9951: 628642737865447998046875
9952: 670552253723144531250000
9953: 678934156894683837890625
9954: 698491930961608886718750
9955: 733248889446258544921875
9956: 745058059692382812500000
9957: 754371285438537597656250
9958: 814720988273620605468750
9959: 838190317153930664062500
9960: 905245542526245117187500
9961: 931322574615478515625000
9962: 1005828380584716796875000
9963: 1047737896442413330078125
9964: 1117587089538574218750000
9965: 1131556928157806396484375
9966: 1164153218269348144531250
9967: 1222081482410430908203125
9968: 1257285475730895996093750
9969: 1357868313789367675781250
9970: 1396983861923217773437500
9971: 1508742570877075195312500
9972: 1676380634307861328125000
9973: 1746229827404022216796875
9974: 1862645149230957031250000
9975: 1885928213596343994140625
9976: 2036802470684051513671875
9977: 2095475792884826660156250
9978: 2263113856315612792968750
9979: 2328306436538696289062500
9980: 2514570951461791992187500
9981: 2793967723846435546875000
9982: 2910383045673370361328125
9983: 3143213689327239990234375
9984: 3394670784473419189453125
9985: 3492459654808044433593750
9986: 3771856427192687988281250
9987: 4190951585769653320312500
9988: 4656612873077392578125000
9989: 5238689482212066650390625
9990: 5657784640789031982421875
9991: 5820766091346740722656250
9992: 6286427378654479980468750
9993: 6984919309616088867187500
9994: 8731149137020111083984375
9995: 9429641067981719970703125
9996: 10477378964424133300781250
9997: 11641532182693481445312500
9998: 14551915228366851806640625
9999: 15716068446636199951171875
10000: 17462298274040222167968750
...
10000: 17462298274040222167968750
----------------------------------------------------------------
]]></system-out>
  <system-err><![CDATA[]]></system-err>
</testsuite>
